Constructing tool from setup file C:\Users\Mark\Documents\opensim-marker-place-toolbox\LaPre_et_al_2017\A03\IKSetup\A03_Setup_IK.xml.

Loaded model A03_passive_scaled from file C:\Users\Mark\Documents\opensim-marker-place-toolbox\LaPre_et_al_2017\A03\autoPlaceWorker.osim
               MODEL: A03_passive_scaled
         coordinates: 27
              forces: 51
           actuators: 51
             muscles: 51
            analyses: 0
              probes: 0
              bodies: 13
              joints: 12
         constraints: 0
             markers: 50
         controllers: 0
  contact geometries: 0
misc modelcomponents: 0
Running tool Passive_Pref0007.
Loaded marker file C:\Users\Mark\Documents\opensim-marker-place-toolbox\LaPre_et_al_2017\A03\MarkerData\PREF\A03_Pref_0007.trc (50 markers, 256 frames)
Frame 0 (t=0):	total squared error = 0.00764153, marker error: RMS=0.0138217, max=0.0343913 (L_AC)
Frame 1 (t=0.00416667):	total squared error = 0.00728045, marker error: RMS=0.0134912, max=0.0346126 (L_AC)
Frame 2 (t=0.00833333):	total squared error = 0.0072269, marker error: RMS=0.0134414, max=0.0346682 (L_AC)
Frame 3 (t=0.0125):	total squared error = 0.0072232, marker error: RMS=0.013438, max=0.0347792 (L_AC)
Frame 4 (t=0.0166667):	total squared error = 0.00722983, marker error: RMS=0.0134442, max=0.0349055 (L_AC)
Frame 5 (t=0.0208333):	total squared error = 0.00721181, marker error: RMS=0.0134274, max=0.0346846 (L_AC)
Frame 6 (t=0.025):	total squared error = 0.00720979, marker error: RMS=0.0134255, max=0.0350621 (L_AC)
Frame 7 (t=0.0291667):	total squared error = 0.00724066, marker error: RMS=0.0134542, max=0.0348732 (L_AC)
Frame 8 (t=0.0333333):	total squared error = 0.00726597, marker error: RMS=0.0134777, max=0.0351234 (L_AC)
Frame 9 (t=0.0375):	total squared error = 0.00726764, marker error: RMS=0.0134793, max=0.035232 (L_AC)
Frame 10 (t=0.0416667):	total squared error = 0.00726564, marker error: RMS=0.0134774, max=0.0351729 (L_AC)
Frame 11 (t=0.0458333):	total squared error = 0.00729033, marker error: RMS=0.0135003, max=0.0349535 (L_AC)
Frame 12 (t=0.05):	total squared error = 0.00734289, marker error: RMS=0.0135489, max=0.0353936 (L_AC)
Frame 13 (t=0.0541667):	total squared error = 0.00726239, marker error: RMS=0.0134744, max=0.034942 (L_AC)
Frame 14 (t=0.0583333):	total squared error = 0.00730047, marker error: RMS=0.0135097, max=0.0349197 (L_AC)
Frame 15 (t=0.0625):	total squared error = 0.00733448, marker error: RMS=0.0135411, max=0.0351702 (L_AC)
Frame 16 (t=0.0666667):	total squared error = 0.00723053, marker error: RMS=0.0134448, max=0.0349579 (L_AC)
Frame 17 (t=0.0708333):	total squared error = 0.00726358, marker error: RMS=0.0134755, max=0.0350522 (L_AC)
Frame 18 (t=0.075):	total squared error = 0.0072733, marker error: RMS=0.0134845, max=0.0349004 (L_AC)
Frame 19 (t=0.0791667):	total squared error = 0.00726637, marker error: RMS=0.0134781, max=0.0347632 (L_AC)
Frame 20 (t=0.0833333):	total squared error = 0.00716703, marker error: RMS=0.0133857, max=0.0345942 (L_AC)
Frame 21 (t=0.0875):	total squared error = 0.00716243, marker error: RMS=0.0133814, max=0.0344665 (L_AC)
Frame 22 (t=0.0916667):	total squared error = 0.00714174, marker error: RMS=0.013362, max=0.0341619 (L_AC)
Frame 23 (t=0.0958333):	total squared error = 0.00697108, marker error: RMS=0.0132014, max=0.0338138 (L_AC)
Frame 24 (t=0.1):	total squared error = 0.0069578, marker error: RMS=0.0131888, max=0.0335807 (L_AC)
Frame 25 (t=0.104167):	total squared error = 0.00689042, marker error: RMS=0.0131248, max=0.0329632 (L_AC)
Frame 26 (t=0.108333):	total squared error = 0.00680995, marker error: RMS=0.0130479, max=0.0324622 (L_AC)
Frame 27 (t=0.1125):	total squared error = 0.00662848, marker error: RMS=0.0128729, max=0.0323188 (L_AC)
Frame 28 (t=0.116667):	total squared error = 0.00656683, marker error: RMS=0.0128129, max=0.0318299 (L_AC)
Frame 29 (t=0.120833):	total squared error = 0.00645218, marker error: RMS=0.0127006, max=0.0311984 (L_AC)
Frame 30 (t=0.125):	total squared error = 0.00632122, marker error: RMS=0.012571, max=0.0308073 (L_AC)
Frame 31 (t=0.129167):	total squared error = 0.00621843, marker error: RMS=0.0124684, max=0.0302681 (L_AC)
Frame 32 (t=0.133333):	total squared error = 0.00607259, marker error: RMS=0.0123213, max=0.0297316 (L_AC)
Frame 33 (t=0.1375):	total squared error = 0.0059753, marker error: RMS=0.0122222, max=0.0291834 (L_AC)
Frame 34 (t=0.141667):	total squared error = 0.00579755, marker error: RMS=0.0120391, max=0.0288387 (L_AC)
Frame 35 (t=0.145833):	total squared error = 0.00570809, marker error: RMS=0.0119458, max=0.0281105 (R_5TH_MET)
Frame 36 (t=0.15):	total squared error = 0.00563174, marker error: RMS=0.0118656, max=0.0279175 (R_5TH_MET)
Frame 37 (t=0.154167):	total squared error = 0.00546617, marker error: RMS=0.0116899, max=0.0268814 (L_AC)
Frame 38 (t=0.158333):	total squared error = 0.00540998, marker error: RMS=0.0116297, max=0.026876 (R_5TH_MET)
Frame 39 (t=0.1625):	total squared error = 0.00535471, marker error: RMS=0.0115701, max=0.0267735 (R_IC)
Frame 40 (t=0.166667):	total squared error = 0.00530715, marker error: RMS=0.0115186, max=0.0265906 (R_IC)
Frame 41 (t=0.170833):	total squared error = 0.00518522, marker error: RMS=0.0113855, max=0.0268477 (R_IC)
Frame 42 (t=0.175):	total squared error = 0.0051377, marker error: RMS=0.0113332, max=0.0264629 (R_IC)
Frame 43 (t=0.179167):	total squared error = 0.00511602, marker error: RMS=0.0113093, max=0.0262641 (R_IC)
Frame 44 (t=0.183333):	total squared error = 0.00510879, marker error: RMS=0.0113013, max=0.0261975 (R_IC)
Frame 45 (t=0.1875):	total squared error = 0.00511263, marker error: RMS=0.0113056, max=0.0263278 (R_IC)
Frame 46 (t=0.191667):	total squared error = 0.00511053, marker error: RMS=0.0113032, max=0.0264511 (R_IC)
Frame 47 (t=0.195833):	total squared error = 0.00508936, marker error: RMS=0.0112798, max=0.0262723 (R_IC)
Frame 48 (t=0.2):	total squared error = 0.00500102, marker error: RMS=0.0111815, max=0.0266481 (R_IC)
Frame 49 (t=0.204167):	total squared error = 0.00499725, marker error: RMS=0.0111773, max=0.0261507 (R_IC)
Frame 50 (t=0.208333):	total squared error = 0.00501439, marker error: RMS=0.0111964, max=0.0260803 (R_IC)
Frame 51 (t=0.2125):	total squared error = 0.00501486, marker error: RMS=0.0111969, max=0.0258111 (R_IC)
Frame 52 (t=0.216667):	total squared error = 0.00500767, marker error: RMS=0.0111889, max=0.0255741 (R_IC)
Frame 53 (t=0.220833):	total squared error = 0.00501146, marker error: RMS=0.0111931, max=0.0254003 (R_IC)
Frame 54 (t=0.225):	total squared error = 0.0050023, marker error: RMS=0.0111829, max=0.0247642 (R_5TH_MET)
Frame 55 (t=0.229167):	total squared error = 0.00502438, marker error: RMS=0.0112076, max=0.0254278 (R_5TH_MET)
Frame 56 (t=0.233333):	total squared error = 0.00503117, marker error: RMS=0.0112151, max=0.025649 (R_5TH_MET)
Frame 57 (t=0.2375):	total squared error = 0.00505059, marker error: RMS=0.0112368, max=0.025894 (R_5TH_MET)
Frame 58 (t=0.241667):	total squared error = 0.00505671, marker error: RMS=0.0112436, max=0.0261061 (R_5TH_MET)
Frame 59 (t=0.245833):	total squared error = 0.00507773, marker error: RMS=0.0112669, max=0.0263215 (R_5TH_MET)
Frame 60 (t=0.25):	total squared error = 0.00509302, marker error: RMS=0.0112839, max=0.0265601 (R_5TH_MET)
Frame 61 (t=0.254167):	total squared error = 0.00510714, marker error: RMS=0.0112995, max=0.0267286 (R_5TH_MET)
Frame 62 (t=0.258333):	total squared error = 0.0051213, marker error: RMS=0.0113151, max=0.026917 (R_5TH_MET)
Frame 63 (t=0.2625):	total squared error = 0.00513212, marker error: RMS=0.0113271, max=0.0271434 (R_5TH_MET)
Frame 64 (t=0.266667):	total squared error = 0.00514225, marker error: RMS=0.0113383, max=0.0273268 (R_5TH_MET)
Frame 65 (t=0.270833):	total squared error = 0.0051476, marker error: RMS=0.0113442, max=0.027515 (R_5TH_MET)
Frame 66 (t=0.275):	total squared error = 0.00515309, marker error: RMS=0.0113502, max=0.0276701 (R_5TH_MET)
Frame 67 (t=0.279167):	total squared error = 0.00520211, marker error: RMS=0.0114041, max=0.0273721 (R_5TH_MET)
