Loaded model SF_S01_Scaled from file C:\Users\Mark\Documents\opensim-marker-place-toolbox\AbleBodied_Dataset\S01\Models\AutoPlaced\S01_no-amp_ALLBODY_auto_marker_place_10tilt_lockedasis.osim
Loaded model SF_S01_Scaled from file C:\Users\Mark\Documents\opensim-marker-place-toolbox\AbleBodied_Dataset\S01\Models\Scaled\S01_RRA_Model_newmass.osim
Loaded model SF_S01_Scaled from file C:\Users\Mark\Documents\opensim-marker-place-toolbox\AbleBodied_Dataset\S01\Models\AutoPlaced\S01_no-amp_ALLBODY_auto_marker_place_10tilt_lockedasis.osim
Loaded model SF_S01_Scaled from file C:\Users\Mark\Documents\opensim-marker-place-toolbox\AbleBodied_Dataset\S01\Models\Scaled\S01_RRA_Model_newmass.osim
Loaded model SF_S01_Scaled from file C:\Users\Mark\Documents\opensim-marker-place-toolbox\AbleBodied_Dataset\S01\Models\AutoPlaced\S01_no-amp_ALLBODY_auto_marker_place_10tilt_lockedasis.osim
Loaded model SF_S01_Scaled from file C:\Users\Mark\Documents\opensim-marker-place-toolbox\AbleBodied_Dataset\S01\Models\Scaled\S01_RRA_Model_newmass.osim
Loaded model SF_S01_Scaled from file C:\Users\Mark\Documents\opensim-marker-place-toolbox\AbleBodied_Dataset\S01\Models\AutoPlaced\S01_no-amp_ALLBODY_auto_marker_place_10tilt_lockedasis.osim
Loaded model SF_S01_Scaled from file C:\Users\Mark\Documents\opensim-marker-place-toolbox\AbleBodied_Dataset\S01\Models\Scaled\S01_RRA_Model_newmass.osim
Loaded model SF_S02_Scaled from file C:\Users\Mark\Documents\opensim-marker-place-toolbox\AbleBodied_Dataset\S02\Models\AutoPlaced\S02_no-amp_ALLBODY_auto_marker_place_10tilt_lockedasis.osim
Loaded model SF_S02_Scaled from file C:\Users\Mark\Documents\opensim-marker-place-toolbox\AbleBodied_Dataset\S02\Models\Scaled\S02_RRA_Model_newmass.osim
Loaded model S04_Scaled_SL from file C:\Users\Mark\Documents\opensim-marker-place-toolbox\AbleBodied_Dataset\S04\Models\AutoPlaced\S04_no-amp_ALLBODY_auto_marker_place_10tilt_lockedasis.osim
Loaded model S04_Scaled_SL from file C:\Users\Mark\Documents\opensim-marker-place-toolbox\AbleBodied_Dataset\S04\Models\Scaled\S04_RRA_Model_newmass.osim
Loaded model SF_S05_Scaled from file C:\Users\Mark\Documents\opensim-marker-place-toolbox\AbleBodied_Dataset\S05\Models\AutoPlaced\S05_no-amp_ALLBODY_auto_marker_place_10tilt_lockedasis.osim
Loaded model SF_S05_Scaled from file C:\Users\Mark\Documents\opensim-marker-place-toolbox\AbleBodied_Dataset\S05\Models\Scaled\S05_RRA_Model_newmass.osim
Loaded model SF_S06_Scaled from file C:\Users\Mark\Documents\opensim-marker-place-toolbox\AbleBodied_Dataset\S06\Models\AutoPlaced\S06_no-amp_ALLBODY_auto_marker_place_10tilt_lockedasis.osim
Loaded model SF_S06_Scaled from file C:\Users\Mark\Documents\opensim-marker-place-toolbox\AbleBodied_Dataset\S06\Models\Scaled\S06_RRA_Model_newmass.osim
Loaded model SF_S08_Scaled from file C:\Users\Mark\Documents\opensim-marker-place-toolbox\AbleBodied_Dataset\S08\Models\AutoPlaced\S08_no-amp_ALLBODY_auto_marker_place_10tilt_lockedasis.osim
Loaded model SF_S08_Scaled from file C:\Users\Mark\Documents\opensim-marker-place-toolbox\AbleBodied_Dataset\S08\Models\Scaled\S08_RRA_Model_newmass.osim
Loaded model SF_S09_Scaled from file C:\Users\Mark\Documents\opensim-marker-place-toolbox\AbleBodied_Dataset\S09\Models\AutoPlaced\S09_no-amp_ALLBODY_auto_marker_place_10tilt_lockedasis.osim
Loaded model SF_S09_Scaled from file C:\Users\Mark\Documents\opensim-marker-place-toolbox\AbleBodied_Dataset\S09\Models\Scaled\S09_RRA_Model_newmass.osim
Loaded model SF_S10_Scaled from file C:\Users\Mark\Documents\opensim-marker-place-toolbox\AbleBodied_Dataset\S10\Models\AutoPlaced\S10_no-amp_ALLBODY_auto_marker_place_10tilt_lockedasis.osim
Loaded model SF_S10_Scaled from file C:\Users\Mark\Documents\opensim-marker-place-toolbox\AbleBodied_Dataset\S10\Models\Scaled\S10_RRA_Model_newmass.osim
Loaded model SF_S01_Scaled from file C:\Users\Mark\Documents\opensim-marker-place-toolbox\AbleBodied_Dataset\S01\Models\AutoPlaced\S01_no-amp_ALLBODY_auto_marker_place_10tilt_lockedasis.osim
Loaded model SF_S01_Scaled from file C:\Users\Mark\Documents\opensim-marker-place-toolbox\AbleBodied_Dataset\S01\Models\Scaled\S01_RRA_Model_newmass.osim
Loaded model SF_S02_Scaled from file C:\Users\Mark\Documents\opensim-marker-place-toolbox\AbleBodied_Dataset\S02\Models\AutoPlaced\S02_no-amp_ALLBODY_auto_marker_place_10tilt_lockedasis.osim
Loaded model SF_S02_Scaled from file C:\Users\Mark\Documents\opensim-marker-place-toolbox\AbleBodied_Dataset\S02\Models\Scaled\S02_RRA_Model_newmass.osim
Loaded model S04_Scaled_SL from file C:\Users\Mark\Documents\opensim-marker-place-toolbox\AbleBodied_Dataset\S04\Models\AutoPlaced\S04_no-amp_ALLBODY_auto_marker_place_10tilt_lockedasis.osim
Loaded model S04_Scaled_SL from file C:\Users\Mark\Documents\opensim-marker-place-toolbox\AbleBodied_Dataset\S04\Models\Scaled\S04_RRA_Model_newmass.osim
Loaded model SF_S01_Scaled from file C:\Users\Mark\Documents\opensim-marker-place-toolbox\AbleBodied_Dataset\S01\Models\AutoPlaced\S01_no-amp_ALLBODY_auto_marker_place_10tilt_lockedasis.osim
Loaded model SF_S01_Scaled from file C:\Users\Mark\Documents\opensim-marker-place-toolbox\AbleBodied_Dataset\S01\Models\Scaled\S01_RRA_Model_newmass.osim
Loaded model SF_S02_Scaled from file C:\Users\Mark\Documents\opensim-marker-place-toolbox\AbleBodied_Dataset\S02\Models\AutoPlaced\S02_no-amp_ALLBODY_auto_marker_place_10tilt_lockedasis.osim
Loaded model SF_S02_Scaled from file C:\Users\Mark\Documents\opensim-marker-place-toolbox\AbleBodied_Dataset\S02\Models\Scaled\S02_RRA_Model_newmass.osim
Loaded model S04_Scaled_SL from file C:\Users\Mark\Documents\opensim-marker-place-toolbox\AbleBodied_Dataset\S04\Models\AutoPlaced\S04_no-amp_ALLBODY_auto_marker_place_10tilt_lockedasis.osim
Loaded model S04_Scaled_SL from file C:\Users\Mark\Documents\opensim-marker-place-toolbox\AbleBodied_Dataset\S04\Models\Scaled\S04_RRA_Model_newmass.osim
Loaded model SF_S05_Scaled from file C:\Users\Mark\Documents\opensim-marker-place-toolbox\AbleBodied_Dataset\S05\Models\AutoPlaced\S05_no-amp_ALLBODY_auto_marker_place_10tilt_lockedasis.osim
Loaded model SF_S05_Scaled from file C:\Users\Mark\Documents\opensim-marker-place-toolbox\AbleBodied_Dataset\S05\Models\Scaled\S05_RRA_Model_newmass.osim
Loaded model SF_S06_Scaled from file C:\Users\Mark\Documents\opensim-marker-place-toolbox\AbleBodied_Dataset\S06\Models\AutoPlaced\S06_no-amp_ALLBODY_auto_marker_place_10tilt_lockedasis.osim
Loaded model SF_S06_Scaled from file C:\Users\Mark\Documents\opensim-marker-place-toolbox\AbleBodied_Dataset\S06\Models\Scaled\S06_RRA_Model_newmass.osim
Loaded model SF_S08_Scaled from file C:\Users\Mark\Documents\opensim-marker-place-toolbox\AbleBodied_Dataset\S08\Models\AutoPlaced\S08_no-amp_ALLBODY_auto_marker_place_10tilt_lockedasis.osim
Loaded model SF_S08_Scaled from file C:\Users\Mark\Documents\opensim-marker-place-toolbox\AbleBodied_Dataset\S08\Models\Scaled\S08_RRA_Model_newmass.osim
Loaded model SF_S09_Scaled from file C:\Users\Mark\Documents\opensim-marker-place-toolbox\AbleBodied_Dataset\S09\Models\AutoPlaced\S09_no-amp_ALLBODY_auto_marker_place_10tilt_lockedasis.osim
Loaded model SF_S09_Scaled from file C:\Users\Mark\Documents\opensim-marker-place-toolbox\AbleBodied_Dataset\S09\Models\Scaled\S09_RRA_Model_newmass.osim
Loaded model SF_S10_Scaled from file C:\Users\Mark\Documents\opensim-marker-place-toolbox\AbleBodied_Dataset\S10\Models\AutoPlaced\S10_no-amp_ALLBODY_auto_marker_place_10tilt_lockedasis.osim
Loaded model SF_S10_Scaled from file C:\Users\Mark\Documents\opensim-marker-place-toolbox\AbleBodied_Dataset\S10\Models\Scaled\S10_RRA_Model_newmass.osim
Loaded model SF_S01_Scaled from file C:\Users\Mark\Documents\opensim-marker-place-toolbox\AbleBodied_Dataset\S01\Models\AutoPlaced\S01_no-amp_ALLBODY_auto_marker_place_10tilt_lockedasis.osim
Loaded model SF_S01_Scaled from file C:\Users\Mark\Documents\opensim-marker-place-toolbox\AbleBodied_Dataset\S01\Models\Scaled\S01_RRA_Model_newmass.osim
Loaded model SF_S02_Scaled from file C:\Users\Mark\Documents\opensim-marker-place-toolbox\AbleBodied_Dataset\S02\Models\AutoPlaced\S02_no-amp_ALLBODY_auto_marker_place_10tilt_lockedasis.osim
Loaded model SF_S02_Scaled from file C:\Users\Mark\Documents\opensim-marker-place-toolbox\AbleBodied_Dataset\S02\Models\Scaled\S02_RRA_Model_newmass.osim
Loaded model S04_Scaled_SL from file C:\Users\Mark\Documents\opensim-marker-place-toolbox\AbleBodied_Dataset\S04\Models\AutoPlaced\S04_no-amp_ALLBODY_auto_marker_place_10tilt_lockedasis.osim
Loaded model S04_Scaled_SL from file C:\Users\Mark\Documents\opensim-marker-place-toolbox\AbleBodied_Dataset\S04\Models\Scaled\S04_RRA_Model_newmass.osim
Loaded model SF_S01_Scaled from file C:\Users\Mark\Documents\opensim-marker-place-toolbox\AbleBodied_Dataset\S01\Models\AutoPlaced\S01_no-amp_ALLBODY_auto_marker_place_10tilt_lockedasis.osim
Loaded model SF_S01_Scaled from file C:\Users\Mark\Documents\opensim-marker-place-toolbox\AbleBodied_Dataset\S01\Models\Scaled\S01_RRA_Model_newmass.osim
Loaded model SF_S01_Scaled from file C:\Users\Mark\Documents\opensim-marker-place-toolbox\AbleBodied_Dataset\S01\Models\AutoPlaced\S01_no-amp_ALLBODY_auto_marker_place_10tilt_lockedasis.osim
Loaded model SF_S01_Scaled from file C:\Users\Mark\Documents\opensim-marker-place-toolbox\AbleBodied_Dataset\S01\Models\Scaled\S01_RRA_Model_newmass.osim
Loaded model SF_S01_Scaled from file C:\Users\Mark\Documents\opensim-marker-place-toolbox\AbleBodied_Dataset\S01\Models\AutoPlaced\S01_no-amp_ALLBODY_auto_marker_place_10tilt_lockedasis.osim
Loaded model SF_S01_Scaled from file C:\Users\Mark\Documents\opensim-marker-place-toolbox\AbleBodied_Dataset\S01\Models\Scaled\S01_RRA_Model_newmass.osim
Loaded model SF_S02_Scaled from file C:\Users\Mark\Documents\opensim-marker-place-toolbox\AbleBodied_Dataset\S02\Models\AutoPlaced\S02_no-amp_ALLBODY_auto_marker_place_10tilt_lockedasis.osim
Loaded model SF_S02_Scaled from file C:\Users\Mark\Documents\opensim-marker-place-toolbox\AbleBodied_Dataset\S02\Models\Scaled\S02_RRA_Model_newmass.osim
Loaded model S04_Scaled_SL from file C:\Users\Mark\Documents\opensim-marker-place-toolbox\AbleBodied_Dataset\S04\Models\AutoPlaced\S04_no-amp_ALLBODY_auto_marker_place_10tilt_lockedasis.osim
Loaded model S04_Scaled_SL from file C:\Users\Mark\Documents\opensim-marker-place-toolbox\AbleBodied_Dataset\S04\Models\Scaled\S04_RRA_Model_newmass.osim
Loaded model SF_S05_Scaled from file C:\Users\Mark\Documents\opensim-marker-place-toolbox\AbleBodied_Dataset\S05\Models\AutoPlaced\S05_no-amp_ALLBODY_auto_marker_place_10tilt_lockedasis.osim
Loaded model SF_S05_Scaled from file C:\Users\Mark\Documents\opensim-marker-place-toolbox\AbleBodied_Dataset\S05\Models\Scaled\S05_RRA_Model_newmass.osim
Loaded model SF_S06_Scaled from file C:\Users\Mark\Documents\opensim-marker-place-toolbox\AbleBodied_Dataset\S06\Models\AutoPlaced\S06_no-amp_ALLBODY_auto_marker_place_10tilt_lockedasis.osim
Loaded model SF_S06_Scaled from file C:\Users\Mark\Documents\opensim-marker-place-toolbox\AbleBodied_Dataset\S06\Models\Scaled\S06_RRA_Model_newmass.osim
Loaded model SF_S08_Scaled from file C:\Users\Mark\Documents\opensim-marker-place-toolbox\AbleBodied_Dataset\S08\Models\AutoPlaced\S08_no-amp_ALLBODY_auto_marker_place_10tilt_lockedasis.osim
Loaded model SF_S08_Scaled from file C:\Users\Mark\Documents\opensim-marker-place-toolbox\AbleBodied_Dataset\S08\Models\Scaled\S08_RRA_Model_newmass.osim
Loaded model SF_S09_Scaled from file C:\Users\Mark\Documents\opensim-marker-place-toolbox\AbleBodied_Dataset\S09\Models\AutoPlaced\S09_no-amp_ALLBODY_auto_marker_place_10tilt_lockedasis.osim
Loaded model SF_S09_Scaled from file C:\Users\Mark\Documents\opensim-marker-place-toolbox\AbleBodied_Dataset\S09\Models\Scaled\S09_RRA_Model_newmass.osim
Loaded model SF_S10_Scaled from file C:\Users\Mark\Documents\opensim-marker-place-toolbox\AbleBodied_Dataset\S10\Models\AutoPlaced\S10_no-amp_ALLBODY_auto_marker_place_10tilt_lockedasis.osim
Loaded model SF_S10_Scaled from file C:\Users\Mark\Documents\opensim-marker-place-toolbox\AbleBodied_Dataset\S10\Models\Scaled\S10_RRA_Model_newmass.osim
Loaded model SF_S01_Scaled from file C:\Users\Mark\Documents\opensim-marker-place-toolbox\AbleBodied_Dataset\S01\Models\AutoPlaced\S01_no-amp_ALLBODY_auto_marker_place_10tilt_lockedasis.osim
Loaded model SF_S01_Scaled from file C:\Users\Mark\Documents\opensim-marker-place-toolbox\AbleBodied_Dataset\S01\Models\Scaled\S01_RRA_Model_newmass.osim
Loaded model SF_S02_Scaled from file C:\Users\Mark\Documents\opensim-marker-place-toolbox\AbleBodied_Dataset\S02\Models\AutoPlaced\S02_no-amp_ALLBODY_auto_marker_place_10tilt_lockedasis.osim
Loaded model SF_S02_Scaled from file C:\Users\Mark\Documents\opensim-marker-place-toolbox\AbleBodied_Dataset\S02\Models\Scaled\S02_RRA_Model_newmass.osim
Loaded model S04_Scaled_SL from file C:\Users\Mark\Documents\opensim-marker-place-toolbox\AbleBodied_Dataset\S04\Models\AutoPlaced\S04_no-amp_ALLBODY_auto_marker_place_10tilt_lockedasis.osim
Loaded model S04_Scaled_SL from file C:\Users\Mark\Documents\opensim-marker-place-toolbox\AbleBodied_Dataset\S04\Models\Scaled\S04_RRA_Model_newmass.osim
Loaded model SF_S05_Scaled from file C:\Users\Mark\Documents\opensim-marker-place-toolbox\AbleBodied_Dataset\S05\Models\AutoPlaced\S05_no-amp_ALLBODY_auto_marker_place_10tilt_lockedasis.osim
Loaded model SF_S05_Scaled from file C:\Users\Mark\Documents\opensim-marker-place-toolbox\AbleBodied_Dataset\S05\Models\Scaled\S05_RRA_Model_newmass.osim
Loaded model SF_S06_Scaled from file C:\Users\Mark\Documents\opensim-marker-place-toolbox\AbleBodied_Dataset\S06\Models\AutoPlaced\S06_no-amp_ALLBODY_auto_marker_place_10tilt_lockedasis.osim
Loaded model SF_S06_Scaled from file C:\Users\Mark\Documents\opensim-marker-place-toolbox\AbleBodied_Dataset\S06\Models\Scaled\S06_RRA_Model_newmass.osim
Loaded model SF_S08_Scaled from file C:\Users\Mark\Documents\opensim-marker-place-toolbox\AbleBodied_Dataset\S08\Models\AutoPlaced\S08_no-amp_ALLBODY_auto_marker_place_10tilt_lockedasis.osim
Loaded model SF_S08_Scaled from file C:\Users\Mark\Documents\opensim-marker-place-toolbox\AbleBodied_Dataset\S08\Models\Scaled\S08_RRA_Model_newmass.osim
Loaded model SF_S09_Scaled from file C:\Users\Mark\Documents\opensim-marker-place-toolbox\AbleBodied_Dataset\S09\Models\AutoPlaced\S09_no-amp_ALLBODY_auto_marker_place_10tilt_lockedasis.osim
Loaded model SF_S09_Scaled from file C:\Users\Mark\Documents\opensim-marker-place-toolbox\AbleBodied_Dataset\S09\Models\Scaled\S09_RRA_Model_newmass.osim
Loaded model SF_S10_Scaled from file C:\Users\Mark\Documents\opensim-marker-place-toolbox\AbleBodied_Dataset\S10\Models\AutoPlaced\S10_no-amp_ALLBODY_auto_marker_place_10tilt_lockedasis.osim
Loaded model SF_S10_Scaled from file C:\Users\Mark\Documents\opensim-marker-place-toolbox\AbleBodied_Dataset\S10\Models\Scaled\S10_RRA_Model_newmass.osim
Loaded model SF_S01_Scaled from file C:\Users\Mark\Documents\opensim-marker-place-toolbox\AbleBodied_Dataset\S01\Models\AutoPlaced\S01_no-amp_ALLBODY_auto_marker_place_10tilt_lockedasis.osim
Loaded model SF_S01_Scaled from file C:\Users\Mark\Documents\opensim-marker-place-toolbox\AbleBodied_Dataset\S01\Models\Scaled\S01_RRA_Model_newmass.osim
Loaded model SF_S01_Scaled from file C:\Users\Mark\Documents\opensim-marker-place-toolbox\AbleBodied_Dataset\S01\Models\AutoPlaced\S01_no-amp_ALLBODY_auto_marker_place_10tilt_lockedasis.osim
Loaded model SF_S01_Scaled from file C:\Users\Mark\Documents\opensim-marker-place-toolbox\AbleBodied_Dataset\S01\Models\Scaled\S01_RRA_Model_newmass.osim
Loaded model SF_S01_Scaled from file C:\Users\Mark\Documents\opensim-marker-place-toolbox\AbleBodied_Dataset\S01\Models\AutoPlaced\S01_no-amp_ALLBODY_auto_marker_place_10tilt_lockedasis.osim
Loaded model SF_S01_Scaled from file C:\Users\Mark\Documents\opensim-marker-place-toolbox\AbleBodied_Dataset\S01\Models\Scaled\S01_RRA_Model_newmass.osim
Loaded model SF_S02_Scaled from file C:\Users\Mark\Documents\opensim-marker-place-toolbox\AbleBodied_Dataset\S02\Models\AutoPlaced\S02_no-amp_ALLBODY_auto_marker_place_10tilt_lockedasis.osim
Loaded model SF_S02_Scaled from file C:\Users\Mark\Documents\opensim-marker-place-toolbox\AbleBodied_Dataset\S02\Models\Scaled\S02_RRA_Model_newmass.osim
Loaded model S04_Scaled_SL from file C:\Users\Mark\Documents\opensim-marker-place-toolbox\AbleBodied_Dataset\S04\Models\AutoPlaced\S04_no-amp_ALLBODY_auto_marker_place_10tilt_lockedasis.osim
Loaded model S04_Scaled_SL from file C:\Users\Mark\Documents\opensim-marker-place-toolbox\AbleBodied_Dataset\S04\Models\Scaled\S04_RRA_Model_newmass.osim
Loaded model SF_S05_Scaled from file C:\Users\Mark\Documents\opensim-marker-place-toolbox\AbleBodied_Dataset\S05\Models\AutoPlaced\S05_no-amp_ALLBODY_auto_marker_place_10tilt_lockedasis.osim
Loaded model SF_S05_Scaled from file C:\Users\Mark\Documents\opensim-marker-place-toolbox\AbleBodied_Dataset\S05\Models\Scaled\S05_RRA_Model_newmass.osim
Loaded model SF_S06_Scaled from file C:\Users\Mark\Documents\opensim-marker-place-toolbox\AbleBodied_Dataset\S06\Models\AutoPlaced\S06_no-amp_ALLBODY_auto_marker_place_10tilt_lockedasis.osim
Loaded model SF_S06_Scaled from file C:\Users\Mark\Documents\opensim-marker-place-toolbox\AbleBodied_Dataset\S06\Models\Scaled\S06_RRA_Model_newmass.osim
Loaded model SF_S08_Scaled from file C:\Users\Mark\Documents\opensim-marker-place-toolbox\AbleBodied_Dataset\S08\Models\AutoPlaced\S08_no-amp_ALLBODY_auto_marker_place_10tilt_lockedasis.osim
Loaded model SF_S08_Scaled from file C:\Users\Mark\Documents\opensim-marker-place-toolbox\AbleBodied_Dataset\S08\Models\Scaled\S08_RRA_Model_newmass.osim
Loaded model SF_S09_Scaled from file C:\Users\Mark\Documents\opensim-marker-place-toolbox\AbleBodied_Dataset\S09\Models\AutoPlaced\S09_no-amp_ALLBODY_auto_marker_place_10tilt_lockedasis.osim
Loaded model SF_S09_Scaled from file C:\Users\Mark\Documents\opensim-marker-place-toolbox\AbleBodied_Dataset\S09\Models\Scaled\S09_RRA_Model_newmass.osim
Loaded model SF_S10_Scaled from file C:\Users\Mark\Documents\opensim-marker-place-toolbox\AbleBodied_Dataset\S10\Models\AutoPlaced\S10_no-amp_ALLBODY_auto_marker_place_10tilt_lockedasis.osim
Loaded model SF_S10_Scaled from file C:\Users\Mark\Documents\opensim-marker-place-toolbox\AbleBodied_Dataset\S10\Models\Scaled\S10_RRA_Model_newmass.osim
Loaded model SF_S01_Scaled from file C:\Users\Mark\Documents\opensim-marker-place-toolbox\AbleBodied_Dataset\S01\Models\AutoPlaced\S01_no-amp_ALLBODY_auto_marker_place_10tilt_lockedasis.osim
Loaded model SF_S01_Scaled from file C:\Users\Mark\Documents\opensim-marker-place-toolbox\AbleBodied_Dataset\S01\Models\Scaled\S01_RRA_Model_newmass.osim
Loaded model SF_S02_Scaled from file C:\Users\Mark\Documents\opensim-marker-place-toolbox\AbleBodied_Dataset\S02\Models\AutoPlaced\S02_no-amp_ALLBODY_auto_marker_place_10tilt_lockedasis.osim
Loaded model SF_S02_Scaled from file C:\Users\Mark\Documents\opensim-marker-place-toolbox\AbleBodied_Dataset\S02\Models\Scaled\S02_RRA_Model_newmass.osim
Loaded model S04_Scaled_SL from file C:\Users\Mark\Documents\opensim-marker-place-toolbox\AbleBodied_Dataset\S04\Models\AutoPlaced\S04_no-amp_ALLBODY_auto_marker_place_10tilt_lockedasis.osim
Loaded model S04_Scaled_SL from file C:\Users\Mark\Documents\opensim-marker-place-toolbox\AbleBodied_Dataset\S04\Models\Scaled\S04_RRA_Model_newmass.osim
Loaded model SF_S05_Scaled from file C:\Users\Mark\Documents\opensim-marker-place-toolbox\AbleBodied_Dataset\S05\Models\AutoPlaced\S05_no-amp_ALLBODY_auto_marker_place_10tilt_lockedasis.osim
Loaded model SF_S05_Scaled from file C:\Users\Mark\Documents\opensim-marker-place-toolbox\AbleBodied_Dataset\S05\Models\Scaled\S05_RRA_Model_newmass.osim
Loaded model SF_S06_Scaled from file C:\Users\Mark\Documents\opensim-marker-place-toolbox\AbleBodied_Dataset\S06\Models\AutoPlaced\S06_no-amp_ALLBODY_auto_marker_place_10tilt_lockedasis.osim
Loaded model SF_S06_Scaled from file C:\Users\Mark\Documents\opensim-marker-place-toolbox\AbleBodied_Dataset\S06\Models\Scaled\S06_RRA_Model_newmass.osim
Loaded model SF_S08_Scaled from file C:\Users\Mark\Documents\opensim-marker-place-toolbox\AbleBodied_Dataset\S08\Models\AutoPlaced\S08_no-amp_ALLBODY_auto_marker_place_10tilt_lockedasis.osim
Loaded model SF_S08_Scaled from file C:\Users\Mark\Documents\opensim-marker-place-toolbox\AbleBodied_Dataset\S08\Models\Scaled\S08_RRA_Model_newmass.osim
Loaded model SF_S09_Scaled from file C:\Users\Mark\Documents\opensim-marker-place-toolbox\AbleBodied_Dataset\S09\Models\AutoPlaced\S09_no-amp_ALLBODY_auto_marker_place_10tilt_lockedasis.osim
Loaded model SF_S09_Scaled from file C:\Users\Mark\Documents\opensim-marker-place-toolbox\AbleBodied_Dataset\S09\Models\Scaled\S09_RRA_Model_newmass.osim
Loaded model SF_S10_Scaled from file C:\Users\Mark\Documents\opensim-marker-place-toolbox\AbleBodied_Dataset\S10\Models\AutoPlaced\S10_no-amp_ALLBODY_auto_marker_place_10tilt_lockedasis.osim
Loaded model SF_S10_Scaled from file C:\Users\Mark\Documents\opensim-marker-place-toolbox\AbleBodied_Dataset\S10\Models\Scaled\S10_RRA_Model_newmass.osim
Loaded model SF_S01_Scaled from file C:\Users\Mark\Documents\opensim-marker-place-toolbox\AbleBodied_Dataset\S01\Models\AutoPlaced\S01_no-amp_ALLBODY_auto_marker_place_10tilt_lockedasis.osim
Loaded model SF_S01_Scaled from file C:\Users\Mark\Documents\opensim-marker-place-toolbox\AbleBodied_Dataset\S01\Models\Scaled\S01_RRA_Model_newmass.osim
Loaded model SF_S02_Scaled from file C:\Users\Mark\Documents\opensim-marker-place-toolbox\AbleBodied_Dataset\S02\Models\AutoPlaced\S02_no-amp_ALLBODY_auto_marker_place_10tilt_lockedasis.osim
Loaded model SF_S02_Scaled from file C:\Users\Mark\Documents\opensim-marker-place-toolbox\AbleBodied_Dataset\S02\Models\Scaled\S02_RRA_Model_newmass.osim
Loaded model S04_Scaled_SL from file C:\Users\Mark\Documents\opensim-marker-place-toolbox\AbleBodied_Dataset\S04\Models\AutoPlaced\S04_no-amp_ALLBODY_auto_marker_place_10tilt_lockedasis.osim
Loaded model S04_Scaled_SL from file C:\Users\Mark\Documents\opensim-marker-place-toolbox\AbleBodied_Dataset\S04\Models\Scaled\S04_RRA_Model_newmass.osim
Loaded model SF_S05_Scaled from file C:\Users\Mark\Documents\opensim-marker-place-toolbox\AbleBodied_Dataset\S05\Models\AutoPlaced\S05_no-amp_ALLBODY_auto_marker_place_10tilt_lockedasis.osim
Loaded model SF_S05_Scaled from file C:\Users\Mark\Documents\opensim-marker-place-toolbox\AbleBodied_Dataset\S05\Models\Scaled\S05_RRA_Model_newmass.osim
Loaded model SF_S06_Scaled from file C:\Users\Mark\Documents\opensim-marker-place-toolbox\AbleBodied_Dataset\S06\Models\AutoPlaced\S06_no-amp_ALLBODY_auto_marker_place_10tilt_lockedasis.osim
Loaded model SF_S06_Scaled from file C:\Users\Mark\Documents\opensim-marker-place-toolbox\AbleBodied_Dataset\S06\Models\Scaled\S06_RRA_Model_newmass.osim
Loaded model SF_S08_Scaled from file C:\Users\Mark\Documents\opensim-marker-place-toolbox\AbleBodied_Dataset\S08\Models\AutoPlaced\S08_no-amp_ALLBODY_auto_marker_place_10tilt_lockedasis.osim
Loaded model SF_S08_Scaled from file C:\Users\Mark\Documents\opensim-marker-place-toolbox\AbleBodied_Dataset\S08\Models\Scaled\S08_RRA_Model_newmass.osim
Loaded model SF_S09_Scaled from file C:\Users\Mark\Documents\opensim-marker-place-toolbox\AbleBodied_Dataset\S09\Models\AutoPlaced\S09_no-amp_ALLBODY_auto_marker_place_10tilt_lockedasis.osim
Loaded model SF_S09_Scaled from file C:\Users\Mark\Documents\opensim-marker-place-toolbox\AbleBodied_Dataset\S09\Models\Scaled\S09_RRA_Model_newmass.osim
Loaded model SF_S10_Scaled from file C:\Users\Mark\Documents\opensim-marker-place-toolbox\AbleBodied_Dataset\S10\Models\AutoPlaced\S10_no-amp_ALLBODY_auto_marker_place_10tilt_lockedasis.osim
Loaded model SF_S10_Scaled from file C:\Users\Mark\Documents\opensim-marker-place-toolbox\AbleBodied_Dataset\S10\Models\Scaled\S10_RRA_Model_newmass.osim
Loaded model SF_S01_Scaled from file C:\Users\Mark\Documents\opensim-marker-place-toolbox\AbleBodied_Dataset\S01\Models\AutoPlaced\S01_no-amp_ALLBODY_auto_marker_place_10tilt_lockedasis.osim
Loaded model SF_S01_Scaled from file C:\Users\Mark\Documents\opensim-marker-place-toolbox\AbleBodied_Dataset\S01\Models\Scaled\S01_RRA_Model_newmass.osim
Loaded model SF_S02_Scaled from file C:\Users\Mark\Documents\opensim-marker-place-toolbox\AbleBodied_Dataset\S02\Models\AutoPlaced\S02_no-amp_ALLBODY_auto_marker_place_10tilt_lockedasis.osim
Loaded model SF_S02_Scaled from file C:\Users\Mark\Documents\opensim-marker-place-toolbox\AbleBodied_Dataset\S02\Models\Scaled\S02_RRA_Model_newmass.osim
Loaded model S04_Scaled_SL from file C:\Users\Mark\Documents\opensim-marker-place-toolbox\AbleBodied_Dataset\S04\Models\AutoPlaced\S04_no-amp_ALLBODY_auto_marker_place_10tilt_lockedasis.osim
Loaded model S04_Scaled_SL from file C:\Users\Mark\Documents\opensim-marker-place-toolbox\AbleBodied_Dataset\S04\Models\Scaled\S04_RRA_Model_newmass.osim
Loaded model SF_S05_Scaled from file C:\Users\Mark\Documents\opensim-marker-place-toolbox\AbleBodied_Dataset\S05\Models\AutoPlaced\S05_no-amp_ALLBODY_auto_marker_place_10tilt_lockedasis.osim
Loaded model SF_S05_Scaled from file C:\Users\Mark\Documents\opensim-marker-place-toolbox\AbleBodied_Dataset\S05\Models\Scaled\S05_RRA_Model_newmass.osim
Loaded model SF_S06_Scaled from file C:\Users\Mark\Documents\opensim-marker-place-toolbox\AbleBodied_Dataset\S06\Models\AutoPlaced\S06_no-amp_ALLBODY_auto_marker_place_10tilt_lockedasis.osim
Loaded model SF_S06_Scaled from file C:\Users\Mark\Documents\opensim-marker-place-toolbox\AbleBodied_Dataset\S06\Models\Scaled\S06_RRA_Model_newmass.osim
Loaded model SF_S08_Scaled from file C:\Users\Mark\Documents\opensim-marker-place-toolbox\AbleBodied_Dataset\S08\Models\AutoPlaced\S08_no-amp_ALLBODY_auto_marker_place_10tilt_lockedasis.osim
Loaded model SF_S08_Scaled from file C:\Users\Mark\Documents\opensim-marker-place-toolbox\AbleBodied_Dataset\S08\Models\Scaled\S08_RRA_Model_newmass.osim
Loaded model SF_S09_Scaled from file C:\Users\Mark\Documents\opensim-marker-place-toolbox\AbleBodied_Dataset\S09\Models\AutoPlaced\S09_no-amp_ALLBODY_auto_marker_place_10tilt_lockedasis.osim
Loaded model SF_S09_Scaled from file C:\Users\Mark\Documents\opensim-marker-place-toolbox\AbleBodied_Dataset\S09\Models\Scaled\S09_RRA_Model_newmass.osim
Loaded model SF_S10_Scaled from file C:\Users\Mark\Documents\opensim-marker-place-toolbox\AbleBodied_Dataset\S10\Models\AutoPlaced\S10_no-amp_ALLBODY_auto_marker_place_10tilt_lockedasis.osim
Loaded model SF_S10_Scaled from file C:\Users\Mark\Documents\opensim-marker-place-toolbox\AbleBodied_Dataset\S10\Models\Scaled\S10_RRA_Model_newmass.osim
Loaded model SF_S01_Scaled from file C:\Users\Mark\Documents\opensim-marker-place-toolbox\AbleBodied_Dataset\S01\Models\AutoPlaced\S01_no-amp_ALLBODY_auto_marker_place_10tilt_lockedasis.osim
Loaded model SF_S01_Scaled from file C:\Users\Mark\Documents\opensim-marker-place-toolbox\AbleBodied_Dataset\S01\Models\Scaled\S01_RRA_Model_newmass.osim
Loaded model SF_S02_Scaled from file C:\Users\Mark\Documents\opensim-marker-place-toolbox\AbleBodied_Dataset\S02\Models\AutoPlaced\S02_no-amp_ALLBODY_auto_marker_place_10tilt_lockedasis.osim
Loaded model SF_S02_Scaled from file C:\Users\Mark\Documents\opensim-marker-place-toolbox\AbleBodied_Dataset\S02\Models\Scaled\S02_RRA_Model_newmass.osim
Loaded model S04_Scaled_SL from file C:\Users\Mark\Documents\opensim-marker-place-toolbox\AbleBodied_Dataset\S04\Models\AutoPlaced\S04_no-amp_ALLBODY_auto_marker_place_10tilt_lockedasis.osim
Loaded model S04_Scaled_SL from file C:\Users\Mark\Documents\opensim-marker-place-toolbox\AbleBodied_Dataset\S04\Models\Scaled\S04_RRA_Model_newmass.osim
Loaded model SF_S05_Scaled from file C:\Users\Mark\Documents\opensim-marker-place-toolbox\AbleBodied_Dataset\S05\Models\AutoPlaced\S05_no-amp_ALLBODY_auto_marker_place_10tilt_lockedasis.osim
Loaded model SF_S05_Scaled from file C:\Users\Mark\Documents\opensim-marker-place-toolbox\AbleBodied_Dataset\S05\Models\Scaled\S05_RRA_Model_newmass.osim
Loaded model SF_S06_Scaled from file C:\Users\Mark\Documents\opensim-marker-place-toolbox\AbleBodied_Dataset\S06\Models\AutoPlaced\S06_no-amp_ALLBODY_auto_marker_place_10tilt_lockedasis.osim
Loaded model SF_S06_Scaled from file C:\Users\Mark\Documents\opensim-marker-place-toolbox\AbleBodied_Dataset\S06\Models\Scaled\S06_RRA_Model_newmass.osim
Loaded model SF_S08_Scaled from file C:\Users\Mark\Documents\opensim-marker-place-toolbox\AbleBodied_Dataset\S08\Models\AutoPlaced\S08_no-amp_ALLBODY_auto_marker_place_10tilt_lockedasis.osim
Loaded model SF_S08_Scaled from file C:\Users\Mark\Documents\opensim-marker-place-toolbox\AbleBodied_Dataset\S08\Models\Scaled\S08_RRA_Model_newmass.osim
Loaded model SF_S09_Scaled from file C:\Users\Mark\Documents\opensim-marker-place-toolbox\AbleBodied_Dataset\S09\Models\AutoPlaced\S09_no-amp_ALLBODY_auto_marker_place_10tilt_lockedasis.osim
Loaded model SF_S09_Scaled from file C:\Users\Mark\Documents\opensim-marker-place-toolbox\AbleBodied_Dataset\S09\Models\Scaled\S09_RRA_Model_newmass.osim
Loaded model SF_S10_Scaled from file C:\Users\Mark\Documents\opensim-marker-place-toolbox\AbleBodied_Dataset\S10\Models\AutoPlaced\S10_no-amp_ALLBODY_auto_marker_place_10tilt_lockedasis.osim
Loaded model SF_S10_Scaled from file C:\Users\Mark\Documents\opensim-marker-place-toolbox\AbleBodied_Dataset\S10\Models\Scaled\S10_RRA_Model_newmass.osim
Loaded model SF_S01_Scaled from file C:\Users\Mark\Documents\opensim-marker-place-toolbox\AbleBodied_Dataset\S01\Models\AutoPlaced\S01_no-amp_ALLBODY_auto_marker_place_10tilt_lockedasis.osim
Loaded model SF_S01_Scaled from file C:\Users\Mark\Documents\opensim-marker-place-toolbox\AbleBodied_Dataset\S01\Models\Scaled\S01_RRA_Model_newmass.osim
Loaded model SF_S02_Scaled from file C:\Users\Mark\Documents\opensim-marker-place-toolbox\AbleBodied_Dataset\S02\Models\AutoPlaced\S02_no-amp_ALLBODY_auto_marker_place_10tilt_lockedasis.osim
Loaded model SF_S02_Scaled from file C:\Users\Mark\Documents\opensim-marker-place-toolbox\AbleBodied_Dataset\S02\Models\Scaled\S02_RRA_Model_newmass.osim
Loaded model S04_Scaled_SL from file C:\Users\Mark\Documents\opensim-marker-place-toolbox\AbleBodied_Dataset\S04\Models\AutoPlaced\S04_no-amp_ALLBODY_auto_marker_place_10tilt_lockedasis.osim
Loaded model S04_Scaled_SL from file C:\Users\Mark\Documents\opensim-marker-place-toolbox\AbleBodied_Dataset\S04\Models\Scaled\S04_RRA_Model_newmass.osim
Loaded model SF_S05_Scaled from file C:\Users\Mark\Documents\opensim-marker-place-toolbox\AbleBodied_Dataset\S05\Models\AutoPlaced\S05_no-amp_ALLBODY_auto_marker_place_10tilt_lockedasis.osim
Loaded model SF_S05_Scaled from file C:\Users\Mark\Documents\opensim-marker-place-toolbox\AbleBodied_Dataset\S05\Models\Scaled\S05_RRA_Model_newmass.osim
Loaded model SF_S06_Scaled from file C:\Users\Mark\Documents\opensim-marker-place-toolbox\AbleBodied_Dataset\S06\Models\AutoPlaced\S06_no-amp_ALLBODY_auto_marker_place_10tilt_lockedasis.osim
Loaded model SF_S06_Scaled from file C:\Users\Mark\Documents\opensim-marker-place-toolbox\AbleBodied_Dataset\S06\Models\Scaled\S06_RRA_Model_newmass.osim
Loaded model SF_S08_Scaled from file C:\Users\Mark\Documents\opensim-marker-place-toolbox\AbleBodied_Dataset\S08\Models\AutoPlaced\S08_no-amp_ALLBODY_auto_marker_place_10tilt_lockedasis.osim
Loaded model SF_S08_Scaled from file C:\Users\Mark\Documents\opensim-marker-place-toolbox\AbleBodied_Dataset\S08\Models\Scaled\S08_RRA_Model_newmass.osim
Loaded model SF_S09_Scaled from file C:\Users\Mark\Documents\opensim-marker-place-toolbox\AbleBodied_Dataset\S09\Models\AutoPlaced\S09_no-amp_ALLBODY_auto_marker_place_10tilt_lockedasis.osim
Loaded model SF_S09_Scaled from file C:\Users\Mark\Documents\opensim-marker-place-toolbox\AbleBodied_Dataset\S09\Models\Scaled\S09_RRA_Model_newmass.osim
Loaded model SF_S10_Scaled from file C:\Users\Mark\Documents\opensim-marker-place-toolbox\AbleBodied_Dataset\S10\Models\AutoPlaced\S10_no-amp_ALLBODY_auto_marker_place_10tilt_lockedasis.osim
Loaded model SF_S10_Scaled from file C:\Users\Mark\Documents\opensim-marker-place-toolbox\AbleBodied_Dataset\S10\Models\Scaled\S10_RRA_Model_newmass.osim
Loaded model SF_S01_Scaled from file C:\Users\Mark\Documents\opensim-marker-place-toolbox\AbleBodied_Dataset\S01\Models\AutoPlaced\S01_no-amp_ALLBODY_auto_marker_place_10tilt_lockedasis.osim
Loaded model SF_S01_Scaled from file C:\Users\Mark\Documents\opensim-marker-place-toolbox\AbleBodied_Dataset\S01\Models\Scaled\S01_RRA_Model_newmass.osim
Loaded model SF_S02_Scaled from file C:\Users\Mark\Documents\opensim-marker-place-toolbox\AbleBodied_Dataset\S02\Models\AutoPlaced\S02_no-amp_ALLBODY_auto_marker_place_10tilt_lockedasis.osim
Loaded model SF_S02_Scaled from file C:\Users\Mark\Documents\opensim-marker-place-toolbox\AbleBodied_Dataset\S02\Models\Scaled\S02_RRA_Model_newmass.osim
Loaded model S04_Scaled_SL from file C:\Users\Mark\Documents\opensim-marker-place-toolbox\AbleBodied_Dataset\S04\Models\AutoPlaced\S04_no-amp_ALLBODY_auto_marker_place_10tilt_lockedasis.osim
Loaded model S04_Scaled_SL from file C:\Users\Mark\Documents\opensim-marker-place-toolbox\AbleBodied_Dataset\S04\Models\Scaled\S04_RRA_Model_newmass.osim
Loaded model SF_S05_Scaled from file C:\Users\Mark\Documents\opensim-marker-place-toolbox\AbleBodied_Dataset\S05\Models\AutoPlaced\S05_no-amp_ALLBODY_auto_marker_place_10tilt_lockedasis.osim
Loaded model SF_S05_Scaled from file C:\Users\Mark\Documents\opensim-marker-place-toolbox\AbleBodied_Dataset\S05\Models\Scaled\S05_RRA_Model_newmass.osim
Loaded model SF_S06_Scaled from file C:\Users\Mark\Documents\opensim-marker-place-toolbox\AbleBodied_Dataset\S06\Models\AutoPlaced\S06_no-amp_ALLBODY_auto_marker_place_10tilt_lockedasis.osim
Loaded model SF_S06_Scaled from file C:\Users\Mark\Documents\opensim-marker-place-toolbox\AbleBodied_Dataset\S06\Models\Scaled\S06_RRA_Model_newmass.osim
Loaded model SF_S08_Scaled from file C:\Users\Mark\Documents\opensim-marker-place-toolbox\AbleBodied_Dataset\S08\Models\AutoPlaced\S08_no-amp_ALLBODY_auto_marker_place_10tilt_lockedasis.osim
Loaded model SF_S08_Scaled from file C:\Users\Mark\Documents\opensim-marker-place-toolbox\AbleBodied_Dataset\S08\Models\Scaled\S08_RRA_Model_newmass.osim
Loaded model SF_S09_Scaled from file C:\Users\Mark\Documents\opensim-marker-place-toolbox\AbleBodied_Dataset\S09\Models\AutoPlaced\S09_no-amp_ALLBODY_auto_marker_place_10tilt_lockedasis.osim
Loaded model SF_S09_Scaled from file C:\Users\Mark\Documents\opensim-marker-place-toolbox\AbleBodied_Dataset\S09\Models\Scaled\S09_RRA_Model_newmass.osim
Loaded model SF_S10_Scaled from file C:\Users\Mark\Documents\opensim-marker-place-toolbox\AbleBodied_Dataset\S10\Models\AutoPlaced\S10_no-amp_ALLBODY_auto_marker_place_10tilt_lockedasis.osim
Loaded model SF_S10_Scaled from file C:\Users\Mark\Documents\opensim-marker-place-toolbox\AbleBodied_Dataset\S10\Models\Scaled\S10_RRA_Model_newmass.osim
Loaded model SF_S01_Scaled from file C:\Users\Mark\Documents\opensim-marker-place-toolbox\AbleBodied_Dataset\S01\Models\AutoPlaced\S01_no-amp_ALLBODY_auto_marker_place_10tilt_lockedasis.osim
Loaded model SF_S01_Scaled from file C:\Users\Mark\Documents\opensim-marker-place-toolbox\AbleBodied_Dataset\S01\Models\Scaled\S01_RRA_Model_newmass.osim
Loaded model SF_S01_Scaled from file C:\Users\Mark\Documents\opensim-marker-place-toolbox\AbleBodied_Dataset\S01\Models\AutoPlaced\S01_no-amp_ALLBODY_auto_marker_place_10tilt_lockedasis.osim
Loaded model SF_S01_Scaled from file C:\Users\Mark\Documents\opensim-marker-place-toolbox\AbleBodied_Dataset\S01\Models\Scaled\S01_RRA_Model_newmass.osim
Loaded model SF_S02_Scaled from file C:\Users\Mark\Documents\opensim-marker-place-toolbox\AbleBodied_Dataset\S02\Models\AutoPlaced\S02_no-amp_ALLBODY_auto_marker_place_10tilt_lockedasis.osim
Loaded model SF_S02_Scaled from file C:\Users\Mark\Documents\opensim-marker-place-toolbox\AbleBodied_Dataset\S02\Models\Scaled\S02_RRA_Model_newmass.osim
Loaded model S04_Scaled_SL from file C:\Users\Mark\Documents\opensim-marker-place-toolbox\AbleBodied_Dataset\S04\Models\AutoPlaced\S04_no-amp_ALLBODY_auto_marker_place_10tilt_lockedasis.osim
Loaded model S04_Scaled_SL from file C:\Users\Mark\Documents\opensim-marker-place-toolbox\AbleBodied_Dataset\S04\Models\Scaled\S04_RRA_Model_newmass.osim
Loaded model SF_S05_Scaled from file C:\Users\Mark\Documents\opensim-marker-place-toolbox\AbleBodied_Dataset\S05\Models\AutoPlaced\S05_no-amp_ALLBODY_auto_marker_place_10tilt_lockedasis.osim
Loaded model SF_S05_Scaled from file C:\Users\Mark\Documents\opensim-marker-place-toolbox\AbleBodied_Dataset\S05\Models\Scaled\S05_RRA_Model_newmass.osim
Loaded model SF_S06_Scaled from file C:\Users\Mark\Documents\opensim-marker-place-toolbox\AbleBodied_Dataset\S06\Models\AutoPlaced\S06_no-amp_ALLBODY_auto_marker_place_10tilt_lockedasis.osim
Loaded model SF_S06_Scaled from file C:\Users\Mark\Documents\opensim-marker-place-toolbox\AbleBodied_Dataset\S06\Models\Scaled\S06_RRA_Model_newmass.osim
Loaded model SF_S08_Scaled from file C:\Users\Mark\Documents\opensim-marker-place-toolbox\AbleBodied_Dataset\S08\Models\AutoPlaced\S08_no-amp_ALLBODY_auto_marker_place_10tilt_lockedasis.osim
Loaded model SF_S08_Scaled from file C:\Users\Mark\Documents\opensim-marker-place-toolbox\AbleBodied_Dataset\S08\Models\Scaled\S08_RRA_Model_newmass.osim
Loaded model SF_S09_Scaled from file C:\Users\Mark\Documents\opensim-marker-place-toolbox\AbleBodied_Dataset\S09\Models\AutoPlaced\S09_no-amp_ALLBODY_auto_marker_place_10tilt_lockedasis.osim
Loaded model SF_S09_Scaled from file C:\Users\Mark\Documents\opensim-marker-place-toolbox\AbleBodied_Dataset\S09\Models\Scaled\S09_RRA_Model_newmass.osim
Loaded model SF_S10_Scaled from file C:\Users\Mark\Documents\opensim-marker-place-toolbox\AbleBodied_Dataset\S10\Models\AutoPlaced\S10_no-amp_ALLBODY_auto_marker_place_10tilt_lockedasis.osim
Loaded model SF_S10_Scaled from file C:\Users\Mark\Documents\opensim-marker-place-toolbox\AbleBodied_Dataset\S10\Models\Scaled\S10_RRA_Model_newmass.osim
Loaded model SF_S01_Scaled from file C:\Users\Mark\Documents\opensim-marker-place-toolbox\AbleBodied_Dataset\S01\Models\AutoPlaced\S01_no-amp_ALLBODY_auto_marker_place_10tilt_lockedasis.osim
Loaded model SF_S01_Scaled from file C:\Users\Mark\Documents\opensim-marker-place-toolbox\AbleBodied_Dataset\S01\Models\Scaled\S01_RRA_Model_newmass.osim
Loaded model SF_S02_Scaled from file C:\Users\Mark\Documents\opensim-marker-place-toolbox\AbleBodied_Dataset\S02\Models\AutoPlaced\S02_no-amp_ALLBODY_auto_marker_place_10tilt_lockedasis.osim
Loaded model SF_S02_Scaled from file C:\Users\Mark\Documents\opensim-marker-place-toolbox\AbleBodied_Dataset\S02\Models\Scaled\S02_RRA_Model_newmass.osim
Loaded model S04_Scaled_SL from file C:\Users\Mark\Documents\opensim-marker-place-toolbox\AbleBodied_Dataset\S04\Models\AutoPlaced\S04_no-amp_ALLBODY_auto_marker_place_10tilt_lockedasis.osim
Loaded model S04_Scaled_SL from file C:\Users\Mark\Documents\opensim-marker-place-toolbox\AbleBodied_Dataset\S04\Models\Scaled\S04_RRA_Model_newmass.osim
Loaded model SF_S05_Scaled from file C:\Users\Mark\Documents\opensim-marker-place-toolbox\AbleBodied_Dataset\S05\Models\AutoPlaced\S05_no-amp_ALLBODY_auto_marker_place_10tilt_lockedasis.osim
Loaded model SF_S05_Scaled from file C:\Users\Mark\Documents\opensim-marker-place-toolbox\AbleBodied_Dataset\S05\Models\Scaled\S05_RRA_Model_newmass.osim
Loaded model SF_S06_Scaled from file C:\Users\Mark\Documents\opensim-marker-place-toolbox\AbleBodied_Dataset\S06\Models\AutoPlaced\S06_no-amp_ALLBODY_auto_marker_place_10tilt_lockedasis.osim
Loaded model SF_S06_Scaled from file C:\Users\Mark\Documents\opensim-marker-place-toolbox\AbleBodied_Dataset\S06\Models\Scaled\S06_RRA_Model_newmass.osim
Loaded model SF_S08_Scaled from file C:\Users\Mark\Documents\opensim-marker-place-toolbox\AbleBodied_Dataset\S08\Models\AutoPlaced\S08_no-amp_ALLBODY_auto_marker_place_10tilt_lockedasis.osim
Loaded model SF_S08_Scaled from file C:\Users\Mark\Documents\opensim-marker-place-toolbox\AbleBodied_Dataset\S08\Models\Scaled\S08_RRA_Model_newmass.osim
Loaded model SF_S09_Scaled from file C:\Users\Mark\Documents\opensim-marker-place-toolbox\AbleBodied_Dataset\S09\Models\AutoPlaced\S09_no-amp_ALLBODY_auto_marker_place_10tilt_lockedasis.osim
Loaded model SF_S09_Scaled from file C:\Users\Mark\Documents\opensim-marker-place-toolbox\AbleBodied_Dataset\S09\Models\Scaled\S09_RRA_Model_newmass.osim
Loaded model SF_S10_Scaled from file C:\Users\Mark\Documents\opensim-marker-place-toolbox\AbleBodied_Dataset\S10\Models\AutoPlaced\S10_no-amp_ALLBODY_auto_marker_place_10tilt_lockedasis.osim
Loaded model SF_S10_Scaled from file C:\Users\Mark\Documents\opensim-marker-place-toolbox\AbleBodied_Dataset\S10\Models\Scaled\S10_RRA_Model_newmass.osim
Loaded model SF_S01_Scaled from file C:\Users\Mark\Documents\opensim-marker-place-toolbox\AbleBodied_Dataset\S01\Models\AutoPlaced\S01_no-amp_ALLBODY_auto_marker_place_10tilt_lockedasis.osim
Loaded model SF_S01_Scaled from file C:\Users\Mark\Documents\opensim-marker-place-toolbox\AbleBodied_Dataset\S01\Models\Scaled\S01_RRA_Model_newmass.osim
Loaded model SF_S02_Scaled from file C:\Users\Mark\Documents\opensim-marker-place-toolbox\AbleBodied_Dataset\S02\Models\AutoPlaced\S02_no-amp_ALLBODY_auto_marker_place_10tilt_lockedasis.osim
Loaded model SF_S02_Scaled from file C:\Users\Mark\Documents\opensim-marker-place-toolbox\AbleBodied_Dataset\S02\Models\Scaled\S02_RRA_Model_newmass.osim
Loaded model S04_Scaled_SL from file C:\Users\Mark\Documents\opensim-marker-place-toolbox\AbleBodied_Dataset\S04\Models\AutoPlaced\S04_no-amp_ALLBODY_auto_marker_place_10tilt_lockedasis.osim
Loaded model S04_Scaled_SL from file C:\Users\Mark\Documents\opensim-marker-place-toolbox\AbleBodied_Dataset\S04\Models\Scaled\S04_RRA_Model_newmass.osim
Loaded model SF_S05_Scaled from file C:\Users\Mark\Documents\opensim-marker-place-toolbox\AbleBodied_Dataset\S05\Models\AutoPlaced\S05_no-amp_ALLBODY_auto_marker_place_10tilt_lockedasis.osim
Loaded model SF_S05_Scaled from file C:\Users\Mark\Documents\opensim-marker-place-toolbox\AbleBodied_Dataset\S05\Models\Scaled\S05_RRA_Model_newmass.osim
Loaded model SF_S06_Scaled from file C:\Users\Mark\Documents\opensim-marker-place-toolbox\AbleBodied_Dataset\S06\Models\AutoPlaced\S06_no-amp_ALLBODY_auto_marker_place_10tilt_lockedasis.osim
Loaded model SF_S06_Scaled from file C:\Users\Mark\Documents\opensim-marker-place-toolbox\AbleBodied_Dataset\S06\Models\Scaled\S06_RRA_Model_newmass.osim
Loaded model SF_S08_Scaled from file C:\Users\Mark\Documents\opensim-marker-place-toolbox\AbleBodied_Dataset\S08\Models\AutoPlaced\S08_no-amp_ALLBODY_auto_marker_place_10tilt_lockedasis.osim
Loaded model SF_S08_Scaled from file C:\Users\Mark\Documents\opensim-marker-place-toolbox\AbleBodied_Dataset\S08\Models\Scaled\S08_RRA_Model_newmass.osim
Loaded model SF_S09_Scaled from file C:\Users\Mark\Documents\opensim-marker-place-toolbox\AbleBodied_Dataset\S09\Models\AutoPlaced\S09_no-amp_ALLBODY_auto_marker_place_10tilt_lockedasis.osim
Loaded model SF_S09_Scaled from file C:\Users\Mark\Documents\opensim-marker-place-toolbox\AbleBodied_Dataset\S09\Models\Scaled\S09_RRA_Model_newmass.osim
Loaded model SF_S10_Scaled from file C:\Users\Mark\Documents\opensim-marker-place-toolbox\AbleBodied_Dataset\S10\Models\AutoPlaced\S10_no-amp_ALLBODY_auto_marker_place_10tilt_lockedasis.osim
Loaded model SF_S10_Scaled from file C:\Users\Mark\Documents\opensim-marker-place-toolbox\AbleBodied_Dataset\S10\Models\Scaled\S10_RRA_Model_newmass.osim
Loaded model SF_S01_Scaled from file C:\Users\Mark\Documents\opensim-marker-place-toolbox\AbleBodied_Dataset\S01\Models\AutoPlaced\S01_no-amp_ALLBODY_auto_marker_place_10tilt_lockedasis.osim
Loaded model SF_S01_Scaled from file C:\Users\Mark\Documents\opensim-marker-place-toolbox\AbleBodied_Dataset\S01\Models\Scaled\S01_RRA_Model_newmass.osim
Loaded model SF_S02_Scaled from file C:\Users\Mark\Documents\opensim-marker-place-toolbox\AbleBodied_Dataset\S02\Models\AutoPlaced\S02_no-amp_ALLBODY_auto_marker_place_10tilt_lockedasis.osim
Loaded model SF_S02_Scaled from file C:\Users\Mark\Documents\opensim-marker-place-toolbox\AbleBodied_Dataset\S02\Models\Scaled\S02_RRA_Model_newmass.osim
Loaded model S04_Scaled_SL from file C:\Users\Mark\Documents\opensim-marker-place-toolbox\AbleBodied_Dataset\S04\Models\AutoPlaced\S04_no-amp_ALLBODY_auto_marker_place_10tilt_lockedasis.osim
Loaded model S04_Scaled_SL from file C:\Users\Mark\Documents\opensim-marker-place-toolbox\AbleBodied_Dataset\S04\Models\Scaled\S04_RRA_Model_newmass.osim
Loaded model SF_S05_Scaled from file C:\Users\Mark\Documents\opensim-marker-place-toolbox\AbleBodied_Dataset\S05\Models\AutoPlaced\S05_no-amp_ALLBODY_auto_marker_place_10tilt_lockedasis.osim
Loaded model SF_S05_Scaled from file C:\Users\Mark\Documents\opensim-marker-place-toolbox\AbleBodied_Dataset\S05\Models\Scaled\S05_RRA_Model_newmass.osim
Loaded model SF_S06_Scaled from file C:\Users\Mark\Documents\opensim-marker-place-toolbox\AbleBodied_Dataset\S06\Models\AutoPlaced\S06_no-amp_ALLBODY_auto_marker_place_10tilt_lockedasis.osim
Loaded model SF_S06_Scaled from file C:\Users\Mark\Documents\opensim-marker-place-toolbox\AbleBodied_Dataset\S06\Models\Scaled\S06_RRA_Model_newmass.osim
Loaded model SF_S08_Scaled from file C:\Users\Mark\Documents\opensim-marker-place-toolbox\AbleBodied_Dataset\S08\Models\AutoPlaced\S08_no-amp_ALLBODY_auto_marker_place_10tilt_lockedasis.osim
Loaded model SF_S08_Scaled from file C:\Users\Mark\Documents\opensim-marker-place-toolbox\AbleBodied_Dataset\S08\Models\Scaled\S08_RRA_Model_newmass.osim
Loaded model SF_S09_Scaled from file C:\Users\Mark\Documents\opensim-marker-place-toolbox\AbleBodied_Dataset\S09\Models\AutoPlaced\S09_no-amp_ALLBODY_auto_marker_place_10tilt_lockedasis.osim
Loaded model SF_S09_Scaled from file C:\Users\Mark\Documents\opensim-marker-place-toolbox\AbleBodied_Dataset\S09\Models\Scaled\S09_RRA_Model_newmass.osim
Loaded model SF_S10_Scaled from file C:\Users\Mark\Documents\opensim-marker-place-toolbox\AbleBodied_Dataset\S10\Models\AutoPlaced\S10_no-amp_ALLBODY_auto_marker_place_10tilt_lockedasis.osim
Loaded model SF_S10_Scaled from file C:\Users\Mark\Documents\opensim-marker-place-toolbox\AbleBodied_Dataset\S10\Models\Scaled\S10_RRA_Model_newmass.osim
