Constructing tool from setup file C:\Users\Mark\Documents\opensim-marker-place-toolbox\Price_et_al_TBD\S01\IKSetup\S01_PSF_T06_IK_Settings.xml.

Loaded model SF_S01_Scaled from file C:\Users\Mark\Documents\opensim-marker-place-toolbox\Price_et_al_TBD\S01\Models\AutoPlaced\S01_no-amp_ALLBODY_auto_marker_place_10tilt_lockedasis_50conv.osim
               MODEL: SF_S01_Scaled
         coordinates: 23
              forces: 92
           actuators: 92
             muscles: 92
            analyses: 0
              probes: 0
              bodies: 13
              joints: 12
         constraints: 0
             markers: 51
         controllers: 0
  contact geometries: 0
misc modelcomponents: 0
Running tool .
Loaded marker file C:\Users\Mark\Documents\opensim-marker-place-toolbox\Price_et_al_TBD\S01\MarkerData\PREF\S01_PSF_T06.trc (51 markers, 471 frames)
Frame 0 (t=0.43):	total squared error = 0.00417018, marker error: RMS=0.00962656, max=0.0289094 (L.Iliac.Crest)
Frame 1 (t=0.434167):	total squared error = 0.00405064, marker error: RMS=0.00948758, max=0.0285809 (L.Iliac.Crest)
Frame 2 (t=0.438333):	total squared error = 0.00399242, marker error: RMS=0.00941915, max=0.0283325 (L.Iliac.Crest)
Frame 3 (t=0.4425):	total squared error = 0.00396261, marker error: RMS=0.00938393, max=0.0281603 (L.Iliac.Crest)
Frame 4 (t=0.446667):	total squared error = 0.00387915, marker error: RMS=0.00928458, max=0.0276345 (L.Iliac.Crest)
Frame 5 (t=0.450833):	total squared error = 0.00379647, marker error: RMS=0.0091851, max=0.0271178 (L.Iliac.Crest)
Frame 6 (t=0.455):	total squared error = 0.0037599, marker error: RMS=0.00914075, max=0.0267588 (L.Iliac.Crest)
Frame 7 (t=0.459167):	total squared error = 0.00369282, marker error: RMS=0.00905884, max=0.025986 (L.Iliac.Crest)
Frame 8 (t=0.463333):	total squared error = 0.00365216, marker error: RMS=0.00900884, max=0.0254558 (L.Iliac.Crest)
Frame 9 (t=0.4675):	total squared error = 0.00356741, marker error: RMS=0.00890369, max=0.0245419 (L.Iliac.Crest)
Frame 10 (t=0.471667):	total squared error = 0.00347337, marker error: RMS=0.00878556, max=0.0235906 (L.Iliac.Crest)
Frame 11 (t=0.475833):	total squared error = 0.0033871, marker error: RMS=0.00867576, max=0.0226411 (L.Iliac.Crest)
Frame 12 (t=0.48):	total squared error = 0.00329633, marker error: RMS=0.00855873, max=0.0214831 (L.Iliac.Crest)
Frame 13 (t=0.484167):	total squared error = 0.00318939, marker error: RMS=0.00841875, max=0.0202979 (L.Iliac.Crest)
Frame 14 (t=0.488333):	total squared error = 0.00309264, marker error: RMS=0.00829008, max=0.0195356 (L.ASIS)
Frame 15 (t=0.4925):	total squared error = 0.0029731, marker error: RMS=0.00812828, max=0.0189547 (L.ASIS)
Frame 16 (t=0.496667):	total squared error = 0.00286586, marker error: RMS=0.00798034, max=0.0184459 (L.ASIS)
Frame 17 (t=0.500833):	total squared error = 0.00275322, marker error: RMS=0.00782194, max=0.01765 (L.ASIS)
Frame 18 (t=0.505):	total squared error = 0.00265057, marker error: RMS=0.00767474, max=0.0170512 (L.ASIS)
Frame 19 (t=0.509167):	total squared error = 0.00255666, marker error: RMS=0.00753755, max=0.0162967 (L.ASIS)
Frame 20 (t=0.513333):	total squared error = 0.00246498, marker error: RMS=0.00740117, max=0.0154777 (L.ASIS)
Frame 21 (t=0.5175):	total squared error = 0.00234966, marker error: RMS=0.00722597, max=0.0145075 (L.ASIS)
Frame 22 (t=0.521667):	total squared error = 0.00226892, marker error: RMS=0.00710073, max=0.0144957 (L.Ankle.Lat)
Frame 23 (t=0.525833):	total squared error = 0.00217184, marker error: RMS=0.00694717, max=0.0151075 (L.Ankle.Lat)
Frame 24 (t=0.53):	total squared error = 0.00210226, marker error: RMS=0.00683498, max=0.0155289 (L.Ankle.Lat)
Frame 25 (t=0.534167):	total squared error = 0.00204097, marker error: RMS=0.0067346, max=0.0159708 (L.Ankle.Lat)
Frame 26 (t=0.538333):	total squared error = 0.00199036, marker error: RMS=0.00665058, max=0.0164064 (L.Ankle.Lat)
Frame 27 (t=0.5425):	total squared error = 0.00194381, marker error: RMS=0.00657235, max=0.0167754 (L.Ankle.Lat)
Frame 28 (t=0.546667):	total squared error = 0.00190965, marker error: RMS=0.00651434, max=0.0170974 (L.Ankle.Lat)
Frame 29 (t=0.550833):	total squared error = 0.00188478, marker error: RMS=0.00647179, max=0.0172863 (L.Ankle.Lat)
Frame 30 (t=0.555):	total squared error = 0.00186593, marker error: RMS=0.00643934, max=0.017453 (L.Ankle.Lat)
Frame 31 (t=0.559167):	total squared error = 0.00186604, marker error: RMS=0.00643953, max=0.0174676 (L.Ankle.Lat)
Frame 32 (t=0.563333):	total squared error = 0.00187261, marker error: RMS=0.00645085, max=0.0173891 (L.Ankle.Lat)
Frame 33 (t=0.5675):	total squared error = 0.00188357, marker error: RMS=0.00646971, max=0.0172548 (L.Ankle.Lat)
Frame 34 (t=0.571667):	total squared error = 0.00190326, marker error: RMS=0.00650343, max=0.0169873 (L.Ankle.Lat)
Frame 35 (t=0.575833):	total squared error = 0.0019149, marker error: RMS=0.0065233, max=0.0167043 (L.Ankle.Lat)
Frame 36 (t=0.58):	total squared error = 0.00195492, marker error: RMS=0.0065911, max=0.0162642 (L.Ankle.Lat)
Frame 37 (t=0.584167):	total squared error = 0.00199821, marker error: RMS=0.00666368, max=0.0160983 (L.Iliac.Crest)
Frame 38 (t=0.588333):	total squared error = 0.00204157, marker error: RMS=0.0067356, max=0.0159869 (L.Iliac.Crest)
Frame 39 (t=0.5925):	total squared error = 0.00209002, marker error: RMS=0.00681505, max=0.0156148 (L.Iliac.Crest)
Frame 40 (t=0.596667):	total squared error = 0.00214725, marker error: RMS=0.00690772, max=0.0152025 (L.Iliac.Crest)
Frame 41 (t=0.600833):	total squared error = 0.00220995, marker error: RMS=0.00700786, max=0.0146851 (L.Iliac.Crest)
Frame 42 (t=0.605):	total squared error = 0.00225597, marker error: RMS=0.00708044, max=0.0142907 (Sternum)
Frame 43 (t=0.609167):	total squared error = 0.00235254, marker error: RMS=0.0072304, max=0.0146399 (L.Shank.Upper.Post)
Frame 44 (t=0.613333):	total squared error = 0.00241566, marker error: RMS=0.00732675, max=0.0153715 (L.Shank.Upper.Post)
Frame 45 (t=0.6175):	total squared error = 0.0024974, marker error: RMS=0.00744969, max=0.0160642 (L.Shank.Upper.Post)
Frame 46 (t=0.621667):	total squared error = 0.00260301, marker error: RMS=0.00760557, max=0.016722 (L.Shank.Upper.Post)
Frame 47 (t=0.625833):	total squared error = 0.00269263, marker error: RMS=0.00773539, max=0.0173943 (L.Shank.Upper.Post)
Frame 48 (t=0.63):	total squared error = 0.00274368, marker error: RMS=0.00780838, max=0.0180607 (L.Shank.Upper.Post)
Frame 49 (t=0.634167):	total squared error = 0.00282871, marker error: RMS=0.00792845, max=0.0186366 (L.Shank.Upper.Post)
Frame 50 (t=0.638333):	total squared error = 0.00290157, marker error: RMS=0.00802991, max=0.0191834 (L.Shank.Upper.Post)
Frame 51 (t=0.6425):	total squared error = 0.00295926, marker error: RMS=0.00810933, max=0.0196781 (L.Shank.Upper.Post)
Frame 52 (t=0.646667):	total squared error = 0.00299631, marker error: RMS=0.00815994, max=0.0201384 (L.Shank.Upper.Post)
Frame 53 (t=0.650833):	total squared error = 0.0030221, marker error: RMS=0.00819499, max=0.020514 (L.Shank.Upper.Post)
Frame 54 (t=0.655):	total squared error = 0.00303198, marker error: RMS=0.00820837, max=0.0208314 (L.Shank.Upper.Post)
Frame 55 (t=0.659167):	total squared error = 0.00302235, marker error: RMS=0.00819533, max=0.0210793 (L.Shank.Upper.Post)
Frame 56 (t=0.663333):	total squared error = 0.00299805, marker error: RMS=0.00816232, max=0.0212459 (L.Shank.Upper.Post)
Frame 57 (t=0.6675):	total squared error = 0.00296271, marker error: RMS=0.00811407, max=0.0213529 (L.Shank.Upper.Post)
Frame 58 (t=0.671667):	total squared error = 0.00292116, marker error: RMS=0.00805697, max=0.0213873 (L.Shank.Upper.Post)
Frame 59 (t=0.675833):	total squared error = 0.00287852, marker error: RMS=0.00799795, max=0.0213334 (L.Shank.Upper.Post)
Frame 60 (t=0.68):	total squared error = 0.00281831, marker error: RMS=0.00791385, max=0.021245 (L.Shank.Upper.Post)
Frame 61 (t=0.684167):	total squared error = 0.00275438, marker error: RMS=0.00782358, max=0.0210916 (L.Shank.Upper.Post)
Frame 62 (t=0.688333):	total squared error = 0.00270004, marker error: RMS=0.00774602, max=0.0209091 (L.Shank.Upper.Post)
Frame 63 (t=0.6925):	total squared error = 0.00263995, marker error: RMS=0.00765935, max=0.020685 (L.Shank.Upper.Post)
Frame 64 (t=0.696667):	total squared error = 0.0025851, marker error: RMS=0.00757936, max=0.0204379 (L.Shank.Upper.Post)
Frame 65 (t=0.700833):	total squared error = 0.0025219, marker error: RMS=0.00748614, max=0.020189 (L.Shank.Upper.Post)
Frame 66 (t=0.705):	total squared error = 0.00248454, marker error: RMS=0.00743047, max=0.0198747 (L.Shank.Upper.Post)
Frame 67 (t=0.709167):	total squared error = 0.00243555, marker error: RMS=0.00735686, max=0.0196062 (L.Shank.Upper.Post)
Frame 68 (t=0.713333):	total squared error = 0.00241093, marker error: RMS=0.00731958, max=0.0192785 (L.Shank.Upper.Post)
Frame 69 (t=0.7175):	total squared error = 0.00238128, marker error: RMS=0.00727443, max=0.0189879 (L.Shank.Upper.Post)
Frame 70 (t=0.721667):	total squared error = 0.00236091, marker error: RMS=0.00724326, max=0.0187242 (L.Shank.Upper.Post)
Frame 71 (t=0.725833):	total squared error = 0.00235962, marker error: RMS=0.00724127, max=0.0184008 (L.Shank.Upper.Post)
Frame 72 (t=0.73):	total squared error = 0.0023492, marker error: RMS=0.00722527, max=0.018157 (L.Shank.Upper.Post)
Frame 73 (t=0.734167):	total squared error = 0.00236684, marker error: RMS=0.00725234, max=0.0180504 (L.Shank.Upper.Ant)
Frame 74 (t=0.738333):	total squared error = 0.00237363, marker error: RMS=0.00726274, max=0.0179888 (L.Shank.Upper.Ant)
Frame 75 (t=0.7425):	total squared error = 0.00240288, marker error: RMS=0.00730734, max=0.017928 (L.Shank.Upper.Ant)
Frame 76 (t=0.746667):	total squared error = 0.00241996, marker error: RMS=0.00733327, max=0.0178763 (L.Shank.Upper.Ant)
Frame 77 (t=0.750833):	total squared error = 0.00245684, marker error: RMS=0.00738894, max=0.0178246 (L.Shank.Upper.Ant)
Frame 78 (t=0.755):	total squared error = 0.00248571, marker error: RMS=0.00743222, max=0.0177484 (L.Shank.Upper.Ant)
Frame 79 (t=0.759167):	total squared error = 0.00251151, marker error: RMS=0.00747071, max=0.017657 (L.Shank.Upper.Ant)
Frame 80 (t=0.763333):	total squared error = 0.00253324, marker error: RMS=0.00750295, max=0.0175616 (L.Shank.Upper.Ant)
Frame 81 (t=0.7675):	total squared error = 0.00254975, marker error: RMS=0.00752735, max=0.0174171 (L.Shank.Upper.Ant)
Frame 82 (t=0.771667):	total squared error = 0.00257112, marker error: RMS=0.00755884, max=0.0173179 (Sternum)
Frame 83 (t=0.775833):	total squared error = 0.00256586, marker error: RMS=0.0075511, max=0.017146 (Sternum)
Frame 84 (t=0.78):	total squared error = 0.00255876, marker error: RMS=0.00754064, max=0.016954 (Sternum)
Frame 85 (t=0.784167):	total squared error = 0.00254669, marker error: RMS=0.00752284, max=0.0173487 (Sternum)
Frame 86 (t=0.788333):	total squared error = 0.00251467, marker error: RMS=0.0074754, max=0.0171756 (Sternum)
Frame 87 (t=0.7925):	total squared error = 0.00247219, marker error: RMS=0.00741199, max=0.0170733 (Sternum)
Frame 88 (t=0.796667):	total squared error = 0.00242751, marker error: RMS=0.0073447, max=0.0173805 (Sternum)
Frame 89 (t=0.800833):	total squared error = 0.00237048, marker error: RMS=0.00725792, max=0.0170965 (Sternum)
Frame 90 (t=0.805):	total squared error = 0.0023112, marker error: RMS=0.00716659, max=0.0173666 (Sternum)
Frame 91 (t=0.809167):	total squared error = 0.00224428, marker error: RMS=0.00706207, max=0.0172497 (Sternum)
Frame 92 (t=0.813333):	total squared error = 0.00218422, marker error: RMS=0.00696694, max=0.0173414 (Sternum)
Frame 93 (t=0.8175):	total squared error = 0.00212685, marker error: RMS=0.00687483, max=0.0171553 (Sternum)
Frame 94 (t=0.821667):	total squared error = 0.00206605, marker error: RMS=0.00677586, max=0.0172208 (Sternum)
Frame 95 (t=0.825833):	total squared error = 0.00202694, marker error: RMS=0.00671142, max=0.0173529 (Sternum)
Frame 96 (t=0.83):	total squared error = 0.00199444, marker error: RMS=0.0066574, max=0.0171226 (Sternum)
Frame 97 (t=0.834167):	total squared error = 0.00196977, marker error: RMS=0.00661609, max=0.017354 (Sternum)
Frame 98 (t=0.838333):	total squared error = 0.00196388, marker error: RMS=0.00660619, max=0.0171703 (Sternum)
Frame 99 (t=0.8425):	total squared error = 0.00196229, marker error: RMS=0.00660351, max=0.0174665 (Sternum)
Frame 100 (t=0.846667):	total squared error = 0.00197899, marker error: RMS=0.00663155, max=0.0174803 (Sternum)
Frame 101 (t=0.850833):	total squared error = 0.00201196, marker error: RMS=0.00668656, max=0.0175571 (Sternum)
Frame 102 (t=0.855):	total squared error = 0.00205359, marker error: RMS=0.0067554, max=0.0175618 (Sternum)
Frame 103 (t=0.859167):	total squared error = 0.00210451, marker error: RMS=0.00683862, max=0.0175737 (Sternum)
Frame 104 (t=0.863333):	total squared error = 0.00216761, marker error: RMS=0.00694039, max=0.0175664 (Sternum)
Frame 105 (t=0.8675):	total squared error = 0.00224, marker error: RMS=0.00705534, max=0.0175981 (Sternum)
Frame 106 (t=0.871667):	total squared error = 0.00232003, marker error: RMS=0.00718027, max=0.0175529 (Sternum)
Frame 107 (t=0.875833):	total squared error = 0.00241501, marker error: RMS=0.00732577, max=0.0174181 (Sternum)
Frame 108 (t=0.88):	total squared error = 0.00250447, marker error: RMS=0.00746022, max=0.0175137 (Sternum)
Frame 109 (t=0.884167):	total squared error = 0.00260788, marker error: RMS=0.00761268, max=0.0177155 (R.Iliac.Crest)
Frame 110 (t=0.888333):	total squared error = 0.00272185, marker error: RMS=0.00777725, max=0.0182618 (R.Iliac.Crest)
Frame 111 (t=0.8925):	total squared error = 0.00283963, marker error: RMS=0.00794373, max=0.018779 (R.Iliac.Crest)
Frame 112 (t=0.896667):	total squared error = 0.00295605, marker error: RMS=0.00810493, max=0.0193136 (R.Iliac.Crest)
Frame 113 (t=0.900833):	total squared error = 0.00307902, marker error: RMS=0.0082718, max=0.0199413 (R.Iliac.Crest)
Frame 114 (t=0.905):	total squared error = 0.00318473, marker error: RMS=0.00841259, max=0.0203629 (R.Iliac.Crest)
Frame 115 (t=0.909167):	total squared error = 0.00328962, marker error: RMS=0.00855001, max=0.0208532 (R.Iliac.Crest)
Frame 116 (t=0.913333):	total squared error = 0.0033849, marker error: RMS=0.00867295, max=0.0214508 (R.Iliac.Crest)
Frame 117 (t=0.9175):	total squared error = 0.00345446, marker error: RMS=0.0087616, max=0.0217926 (R.Iliac.Crest)
Frame 118 (t=0.921667):	total squared error = 0.00350195, marker error: RMS=0.00882162, max=0.0222382 (R.Iliac.Crest)
Frame 119 (t=0.925833):	total squared error = 0.00353553, marker error: RMS=0.00886382, max=0.0225139 (R.Iliac.Crest)
Frame 120 (t=0.93):	total squared error = 0.00356682, marker error: RMS=0.00890296, max=0.0229847 (R.Iliac.Crest)
Frame 121 (t=0.934167):	total squared error = 0.00354464, marker error: RMS=0.00887523, max=0.0231821 (R.Iliac.Crest)
Frame 122 (t=0.938333):	total squared error = 0.0035357, marker error: RMS=0.00886404, max=0.0235723 (R.Iliac.Crest)
Frame 123 (t=0.9425):	total squared error = 0.00350409, marker error: RMS=0.00882432, max=0.0238381 (R.Iliac.Crest)
Frame 124 (t=0.946667):	total squared error = 0.00345316, marker error: RMS=0.00875996, max=0.0239956 (R.Iliac.Crest)
Frame 125 (t=0.950833):	total squared error = 0.00338632, marker error: RMS=0.00867477, max=0.0240035 (R.Iliac.Crest)
Frame 126 (t=0.955):	total squared error = 0.00332432, marker error: RMS=0.00859498, max=0.0241679 (R.Iliac.Crest)
Frame 127 (t=0.959167):	total squared error = 0.00327462, marker error: RMS=0.00853049, max=0.0244306 (R.Iliac.Crest)
Frame 128 (t=0.963333):	total squared error = 0.00320602, marker error: RMS=0.00844067, max=0.0242247 (R.Iliac.Crest)
Frame 129 (t=0.9675):	total squared error = 0.00315597, marker error: RMS=0.00837453, max=0.0242487 (R.Iliac.Crest)
Frame 130 (t=0.971667):	total squared error = 0.00311373, marker error: RMS=0.00831829, max=0.0242086 (R.Iliac.Crest)
Frame 131 (t=0.975833):	total squared error = 0.00308587, marker error: RMS=0.00828099, max=0.0241437 (R.Iliac.Crest)
Frame 132 (t=0.98):	total squared error = 0.00306503, marker error: RMS=0.00825299, max=0.0240567 (R.Iliac.Crest)
Frame 133 (t=0.984167):	total squared error = 0.0030596, marker error: RMS=0.00824567, max=0.0238444 (R.Iliac.Crest)
Frame 134 (t=0.988333):	total squared error = 0.0030659, marker error: RMS=0.00825416, max=0.0235405 (R.Iliac.Crest)
Frame 135 (t=0.9925):	total squared error = 0.00309817, marker error: RMS=0.00829748, max=0.0234302 (R.Iliac.Crest)
Frame 136 (t=0.996667):	total squared error = 0.00313599, marker error: RMS=0.00834798, max=0.0231246 (R.Iliac.Crest)
Frame 137 (t=1.00083):	total squared error = 0.00318915, marker error: RMS=0.00841843, max=0.0227562 (R.Iliac.Crest)
Frame 138 (t=1.005):	total squared error = 0.00323465, marker error: RMS=0.00847827, max=0.0223131 (R.Iliac.Crest)
Frame 139 (t=1.00917):	total squared error = 0.00330578, marker error: RMS=0.00857098, max=0.0220596 (R.Iliac.Crest)
Frame 140 (t=1.01333):	total squared error = 0.00337482, marker error: RMS=0.00866003, max=0.0216701 (R.Iliac.Crest)
Frame 141 (t=1.0175):	total squared error = 0.00341799, marker error: RMS=0.00871523, max=0.0209711 (R.Iliac.Crest)
Frame 142 (t=1.02167):	total squared error = 0.00347466, marker error: RMS=0.00878719, max=0.0205711 (R.Iliac.Crest)
Frame 143 (t=1.02583):	total squared error = 0.00350779, marker error: RMS=0.00882898, max=0.0199661 (R.Iliac.Crest)
Frame 144 (t=1.03):	total squared error = 0.00351964, marker error: RMS=0.00884388, max=0.0192087 (R.Iliac.Crest)
Frame 145 (t=1.03417):	total squared error = 0.00353415, marker error: RMS=0.00886209, max=0.0187074 (R.Iliac.Crest)
Frame 146 (t=1.03833):	total squared error = 0.00352237, marker error: RMS=0.00884731, max=0.0178486 (R.Iliac.Crest)
Frame 147 (t=1.0425):	total squared error = 0.00350385, marker error: RMS=0.00882402, max=0.0173595 (R.Iliac.Crest)
Frame 148 (t=1.04667):	total squared error = 0.00325386, marker error: RMS=0.00850341, max=0.0164985 (R.Iliac.Crest)
Frame 149 (t=1.05083):	total squared error = 0.00320203, marker error: RMS=0.00843542, max=0.0158802 (R.Iliac.Crest)
Frame 150 (t=1.055):	total squared error = 0.00312988, marker error: RMS=0.00833983, max=0.015048 (R.Iliac.Crest)
Frame 151 (t=1.05917):	total squared error = 0.00305546, marker error: RMS=0.0082401, max=0.0143318 (R.Iliac.Crest)
Frame 152 (t=1.06333):	total squared error = 0.0029773, marker error: RMS=0.00813401, max=0.0142974 (L.Heel.Upper)
Frame 153 (t=1.0675):	total squared error = 0.00289074, marker error: RMS=0.00801491, max=0.014286 (L.Heel.Upper)
Frame 154 (t=1.07167):	total squared error = 0.00280543, marker error: RMS=0.00789575, max=0.0142808 (L.Heel.Upper)
Frame 155 (t=1.07583):	total squared error = 0.00271413, marker error: RMS=0.00776621, max=0.0142482 (L.Heel.Upper)
Frame 156 (t=1.08):	total squared error = 0.00262539, marker error: RMS=0.00763819, max=0.0142223 (L.Heel.Upper)
Frame 157 (t=1.08417):	total squared error = 0.0025361, marker error: RMS=0.00750718, max=0.0141808 (L.Heel.Upper)
Frame 158 (t=1.08833):	total squared error = 0.00245382, marker error: RMS=0.0073844, max=0.014141 (L.Heel.Upper)
Frame 159 (t=1.0925):	total squared error = 0.00237433, marker error: RMS=0.00726381, max=0.0140826 (L.Heel.Upper)
Frame 160 (t=1.09667):	total squared error = 0.00230118, marker error: RMS=0.00715103, max=0.0139907 (L.Heel.Upper)
Frame 161 (t=1.10083):	total squared error = 0.00224038, marker error: RMS=0.00705594, max=0.0145453 (Sternum)
Frame 162 (t=1.105):	total squared error = 0.00218937, marker error: RMS=0.00697515, max=0.0149107 (Sternum)
Frame 163 (t=1.10917):	total squared error = 0.00215033, marker error: RMS=0.00691267, max=0.0152747 (Sternum)
Frame 164 (t=1.11333):	total squared error = 0.0021205, marker error: RMS=0.00686456, max=0.0152335 (Sternum)
Frame 165 (t=1.1175):	total squared error = 0.00209882, marker error: RMS=0.00682937, max=0.01549 (Sternum)
Frame 166 (t=1.12167):	total squared error = 0.00208362, marker error: RMS=0.0068046, max=0.015865 (Sternum)
Frame 167 (t=1.12583):	total squared error = 0.00208597, marker error: RMS=0.00680844, max=0.0160018 (Sternum)
Frame 168 (t=1.13):	total squared error = 0.00209589, marker error: RMS=0.00682461, max=0.0164293 (Sternum)
Frame 169 (t=1.13417):	total squared error = 0.00211076, marker error: RMS=0.00684878, max=0.0167015 (Sternum)
Frame 170 (t=1.13833):	total squared error = 0.00207441, marker error: RMS=0.00678954, max=0.0163948 (Sternum)
Frame 171 (t=1.1425):	total squared error = 0.00210608, marker error: RMS=0.00684118, max=0.0167466 (Sternum)
Frame 172 (t=1.14667):	total squared error = 0.00212344, marker error: RMS=0.00686931, max=0.016916 (Sternum)
Frame 173 (t=1.15083):	total squared error = 0.00213635, marker error: RMS=0.00689017, max=0.0169824 (Sternum)
Frame 174 (t=1.155):	total squared error = 0.00214373, marker error: RMS=0.00690206, max=0.0169631 (Sternum)
Frame 175 (t=1.15917):	total squared error = 0.00215252, marker error: RMS=0.0069162, max=0.0169612 (Sternum)
Frame 176 (t=1.16333):	total squared error = 0.00215783, marker error: RMS=0.00692472, max=0.0169298 (Sternum)
Frame 177 (t=1.1675):	total squared error = 0.00216258, marker error: RMS=0.00693235, max=0.016851 (Sternum)
Frame 178 (t=1.17167):	total squared error = 0.00216511, marker error: RMS=0.0069364, max=0.0168389 (Sternum)
Frame 179 (t=1.17583):	total squared error = 0.00202208, marker error: RMS=0.00670337, max=0.0168466 (Sternum)
Frame 180 (t=1.18):	total squared error = 0.00202097, marker error: RMS=0.00670153, max=0.0166683 (Sternum)
Frame 181 (t=1.18417):	total squared error = 0.00202689, marker error: RMS=0.00671134, max=0.016704 (Sternum)
Frame 182 (t=1.18833):	total squared error = 0.00203363, marker error: RMS=0.00672248, max=0.0167362 (Sternum)
Frame 183 (t=1.1925):	total squared error = 0.00203655, marker error: RMS=0.0067273, max=0.0166907 (Sternum)
Frame 184 (t=1.19667):	total squared error = 0.00204132, marker error: RMS=0.00673518, max=0.0167067 (Sternum)
Frame 185 (t=1.20083):	total squared error = 0.00204504, marker error: RMS=0.00674132, max=0.0167959 (Sternum)
Frame 186 (t=1.205):	total squared error = 0.00203906, marker error: RMS=0.00673145, max=0.0167865 (Sternum)
Frame 187 (t=1.20917):	total squared error = 0.00203415, marker error: RMS=0.00672334, max=0.0168425 (Sternum)
Frame 188 (t=1.21333):	total squared error = 0.00203433, marker error: RMS=0.00672365, max=0.0170428 (Sternum)
Frame 189 (t=1.2175):	total squared error = 0.00202931, marker error: RMS=0.00671533, max=0.0170681 (Sternum)
Frame 190 (t=1.22167):	total squared error = 0.00201371, marker error: RMS=0.00668948, max=0.0171836 (Sternum)
Frame 191 (t=1.22583):	total squared error = 0.00201087, marker error: RMS=0.00668476, max=0.0173972 (Sternum)
Frame 192 (t=1.23):	total squared error = 0.00200018, marker error: RMS=0.00666697, max=0.0178906 (Sternum)
Frame 193 (t=1.23417):	total squared error = 0.00199304, marker error: RMS=0.00665506, max=0.0179384 (Sternum)
Frame 194 (t=1.23833):	total squared error = 0.00197573, marker error: RMS=0.00662609, max=0.0178566 (Sternum)
Frame 195 (t=1.2425):	total squared error = 0.00197024, marker error: RMS=0.00661688, max=0.0183221 (Sternum)
Frame 196 (t=1.24667):	total squared error = 0.00197095, marker error: RMS=0.00661807, max=0.0183762 (Sternum)
Frame 197 (t=1.25083):	total squared error = 0.00196481, marker error: RMS=0.00660776, max=0.0187982 (Sternum)
Frame 198 (t=1.255):	total squared error = 0.00196125, marker error: RMS=0.00660177, max=0.0187826 (Sternum)
Frame 199 (t=1.25917):	total squared error = 0.00196392, marker error: RMS=0.00660627, max=0.0191251 (Sternum)
Frame 200 (t=1.26333):	total squared error = 0.00197322, marker error: RMS=0.00662188, max=0.0191555 (Sternum)
Frame 201 (t=1.2675):	total squared error = 0.00197803, marker error: RMS=0.00662995, max=0.0196219 (Sternum)
Frame 202 (t=1.27167):	total squared error = 0.00198013, marker error: RMS=0.00663347, max=0.0197134 (Sternum)
Frame 203 (t=1.27583):	total squared error = 0.00198931, marker error: RMS=0.00664882, max=0.0196657 (Sternum)
Frame 204 (t=1.28):	total squared error = 0.00200199, marker error: RMS=0.00666998, max=0.0197675 (Sternum)
Frame 205 (t=1.28417):	total squared error = 0.00201554, marker error: RMS=0.00669252, max=0.0202022 (Sternum)
Frame 206 (t=1.28833):	total squared error = 0.00203069, marker error: RMS=0.00671762, max=0.0202001 (Sternum)
Frame 207 (t=1.2925):	total squared error = 0.00204544, marker error: RMS=0.00674198, max=0.0202366 (Sternum)
Frame 208 (t=1.29667):	total squared error = 0.00206056, marker error: RMS=0.00676685, max=0.0202812 (Sternum)
Frame 209 (t=1.30083):	total squared error = 0.00207437, marker error: RMS=0.00678948, max=0.0203258 (Sternum)
Frame 210 (t=1.305):	total squared error = 0.00209211, marker error: RMS=0.00681845, max=0.0204297 (Sternum)
Frame 211 (t=1.30917):	total squared error = 0.00210552, marker error: RMS=0.00684027, max=0.020501 (Sternum)
Frame 212 (t=1.31333):	total squared error = 0.00211564, marker error: RMS=0.00685669, max=0.0205314 (Sternum)
Frame 213 (t=1.3175):	total squared error = 0.00212731, marker error: RMS=0.00687557, max=0.0207332 (Sternum)
Frame 214 (t=1.32167):	total squared error = 0.00214313, marker error: RMS=0.00690109, max=0.0207422 (Sternum)
Frame 215 (t=1.32583):	total squared error = 0.00214865, marker error: RMS=0.00690998, max=0.0207182 (Sternum)
Frame 216 (t=1.33):	total squared error = 0.00214957, marker error: RMS=0.00691145, max=0.0206699 (Sternum)
Frame 217 (t=1.33417):	total squared error = 0.00214878, marker error: RMS=0.00691019, max=0.0206125 (Sternum)
Frame 218 (t=1.33833):	total squared error = 0.0021479, marker error: RMS=0.00690877, max=0.0206022 (Sternum)
Frame 219 (t=1.3425):	total squared error = 0.00214276, marker error: RMS=0.00690051, max=0.0206169 (Sternum)
Frame 220 (t=1.34667):	total squared error = 0.00214068, marker error: RMS=0.00689714, max=0.0205106 (Sternum)
Frame 221 (t=1.35083):	total squared error = 0.00213086, marker error: RMS=0.00688131, max=0.020493 (Sternum)
Frame 222 (t=1.355):	total squared error = 0.00213174, marker error: RMS=0.00688274, max=0.0204074 (Sternum)
Frame 223 (t=1.35917):	total squared error = 0.00213236, marker error: RMS=0.00688373, max=0.0203812 (Sternum)
Frame 224 (t=1.36333):	total squared error = 0.0021222, marker error: RMS=0.00686732, max=0.0201906 (Sternum)
Frame 225 (t=1.3675):	total squared error = 0.00213452, marker error: RMS=0.00688722, max=0.0201678 (Sternum)
Frame 226 (t=1.37167):	total squared error = 0.00213109, marker error: RMS=0.00688168, max=0.0199488 (Sternum)
Frame 227 (t=1.37583):	total squared error = 0.0021554, marker error: RMS=0.00692083, max=0.0199262 (Sternum)
Frame 228 (t=1.38):	total squared error = 0.00216374, marker error: RMS=0.0069342, max=0.0196939 (Sternum)
Frame 229 (t=1.38417):	total squared error = 0.00220431, marker error: RMS=0.0069989, max=0.0196707 (Sternum)
Frame 230 (t=1.38833):	total squared error = 0.0022354, marker error: RMS=0.00704809, max=0.019439 (Sternum)
Frame 231 (t=1.3925):	total squared error = 0.0022701, marker error: RMS=0.00710258, max=0.0192817 (Sternum)
Frame 232 (t=1.39667):	total squared error = 0.00233761, marker error: RMS=0.00720741, max=0.0193057 (Sternum)
Frame 233 (t=1.40083):	total squared error = 0.00239113, marker error: RMS=0.00728946, max=0.0190113 (Sternum)
Frame 234 (t=1.405):	total squared error = 0.00246355, marker error: RMS=0.00739902, max=0.0188943 (Sternum)
Frame 235 (t=1.40917):	total squared error = 0.0025489, marker error: RMS=0.0075261, max=0.0189152 (Sternum)
Frame 236 (t=1.41333):	total squared error = 0.00262226, marker error: RMS=0.00763364, max=0.0186369 (Sternum)
Frame 237 (t=1.4175):	total squared error = 0.00272588, marker error: RMS=0.007783, max=0.0185601 (Sternum)
Frame 238 (t=1.42167):	total squared error = 0.00283755, marker error: RMS=0.00794083, max=0.0186312 (Sternum)
Frame 239 (t=1.42583):	total squared error = 0.00293579, marker error: RMS=0.00807712, max=0.0184556 (Sternum)
Frame 240 (t=1.43):	total squared error = 0.00306516, marker error: RMS=0.00825316, max=0.0185455 (Sternum)
Frame 241 (t=1.43417):	total squared error = 0.00318111, marker error: RMS=0.00840782, max=0.0185164 (Sternum)
Frame 242 (t=1.43833):	total squared error = 0.00329589, marker error: RMS=0.00855815, max=0.0187726 (L.Iliac.Crest)
Frame 243 (t=1.4425):	total squared error = 0.00340281, marker error: RMS=0.00869586, max=0.0191996 (L.Iliac.Crest)
Frame 244 (t=1.44667):	total squared error = 0.00352069, marker error: RMS=0.0088452, max=0.0197688 (L.Iliac.Crest)
Frame 245 (t=1.45083):	total squared error = 0.00363585, marker error: RMS=0.0089887, max=0.0202662 (L.Iliac.Crest)
Frame 246 (t=1.455):	total squared error = 0.00373834, marker error: RMS=0.00911451, max=0.0207046 (L.Iliac.Crest)
Frame 247 (t=1.45917):	total squared error = 0.00383278, marker error: RMS=0.00922892, max=0.0211137 (L.Iliac.Crest)
Frame 248 (t=1.46333):	total squared error = 0.00391433, marker error: RMS=0.00932659, max=0.0214737 (L.Iliac.Crest)
Frame 249 (t=1.4675):	total squared error = 0.00397952, marker error: RMS=0.00940393, max=0.0217782 (L.Iliac.Crest)
Frame 250 (t=1.47167):	total squared error = 0.00403736, marker error: RMS=0.00947202, max=0.0220922 (L.Iliac.Crest)
Frame 251 (t=1.47583):	total squared error = 0.00408269, marker error: RMS=0.00952504, max=0.0223762 (L.Iliac.Crest)
Frame 252 (t=1.48):	total squared error = 0.00410743, marker error: RMS=0.00955386, max=0.0225999 (L.Iliac.Crest)
Frame 253 (t=1.48417):	total squared error = 0.00410853, marker error: RMS=0.00955514, max=0.0227204 (L.Iliac.Crest)
Frame 254 (t=1.48833):	total squared error = 0.00409929, marker error: RMS=0.00954439, max=0.022815 (L.Iliac.Crest)
Frame 255 (t=1.4925):	total squared error = 0.00408121, marker error: RMS=0.00952332, max=0.0230372 (L.Iliac.Crest)
Frame 256 (t=1.49667):	total squared error = 0.00404121, marker error: RMS=0.00947653, max=0.0230555 (L.Iliac.Crest)
Frame 257 (t=1.50083):	total squared error = 0.003997, marker error: RMS=0.00942455, max=0.0231872 (L.Iliac.Crest)
Frame 258 (t=1.505):	total squared error = 0.00393436, marker error: RMS=0.00935041, max=0.0232002 (L.Iliac.Crest)
Frame 259 (t=1.50917):	total squared error = 0.00386727, marker error: RMS=0.00927035, max=0.0232796 (L.Iliac.Crest)
Frame 260 (t=1.51333):	total squared error = 0.00378757, marker error: RMS=0.00917433, max=0.0231555 (L.Iliac.Crest)
Frame 261 (t=1.5175):	total squared error = 0.00370709, marker error: RMS=0.00907633, max=0.0231942 (L.Iliac.Crest)
Frame 262 (t=1.52167):	total squared error = 0.00361824, marker error: RMS=0.00896691, max=0.0230631 (L.Iliac.Crest)
Frame 263 (t=1.52583):	total squared error = 0.00353749, marker error: RMS=0.00886628, max=0.0230545 (L.Iliac.Crest)
Frame 264 (t=1.53):	total squared error = 0.00347355, marker error: RMS=0.00878579, max=0.0231295 (L.Iliac.Crest)
Frame 265 (t=1.53417):	total squared error = 0.00339093, marker error: RMS=0.00868067, max=0.022896 (L.Iliac.Crest)
InverseKinematicsTool completed 265 frames in 1.556s

IK compute time = 1643ms
