Constructing tool from setup file C:\Users\Mark\Documents\opensim-marker-place-toolbox\LaPre_et_al_2017\A01\IKSetup\A01_Setup_IK.xml.

Loaded model A01_Left_TTAmp_SR1_scaled from file C:\Users\Mark\Documents\opensim-marker-place-toolbox\LaPre_et_al_2017\A01\autoPlaceWorker.osim
               MODEL: A01_Left_TTAmp_SR1_scaled
         coordinates: 33
              forces: 51
           actuators: 51
             muscles: 51
            analyses: 0
              probes: 0
              bodies: 13
              joints: 12
         constraints: 0
             markers: 47
         controllers: 0
  contact geometries: 0
misc modelcomponents: 0
Running tool .
Loaded marker file C:\Users\Mark\Documents\opensim-marker-place-toolbox\LaPre_et_al_2017\A01\MarkerData\PREF\A01_PREF_T0015.trc (48 markers, 288 frames)
Frame 0 (t=0):	total squared error = 0.0225108, marker error: RMS=0.025006, max=0.0756458 (R_SHANK_PROX_ANT)
Frame 1 (t=0.00416667):	total squared error = 0.0225019, marker error: RMS=0.025001, max=0.0757847 (R_SHANK_PROX_ANT)
Frame 2 (t=0.00833333):	total squared error = 0.022498, marker error: RMS=0.0249989, max=0.0758145 (R_SHANK_PROX_ANT)
Frame 3 (t=0.0125):	total squared error = 0.022484, marker error: RMS=0.0249911, max=0.0758793 (R_SHANK_PROX_ANT)
Frame 4 (t=0.0166667):	total squared error = 0.0224804, marker error: RMS=0.0249891, max=0.0759447 (R_SHANK_PROX_ANT)
Frame 5 (t=0.0208333):	total squared error = 0.0224829, marker error: RMS=0.0249905, max=0.0760009 (R_SHANK_PROX_ANT)
Frame 6 (t=0.025):	total squared error = 0.0224939, marker error: RMS=0.0249966, max=0.0761619 (R_SHANK_PROX_ANT)
Frame 7 (t=0.0291667):	total squared error = 0.0224829, marker error: RMS=0.0249905, max=0.0761284 (R_SHANK_PROX_ANT)
Frame 8 (t=0.0333333):	total squared error = 0.0224813, marker error: RMS=0.0249896, max=0.0761277 (R_SHANK_PROX_ANT)
Frame 9 (t=0.0375):	total squared error = 0.0224988, marker error: RMS=0.0249993, max=0.0762415 (R_SHANK_PROX_ANT)
Frame 10 (t=0.0416667):	total squared error = 0.0225248, marker error: RMS=0.0250138, max=0.0759639 (R_SHANK_PROX_ANT)
Frame 11 (t=0.0458333):	total squared error = 0.0225178, marker error: RMS=0.0250099, max=0.0761018 (R_SHANK_PROX_ANT)
Frame 12 (t=0.05):	total squared error = 0.0225286, marker error: RMS=0.0250159, max=0.0762032 (R_SHANK_PROX_ANT)
Frame 13 (t=0.0541667):	total squared error = 0.0225237, marker error: RMS=0.0250132, max=0.0763841 (R_SHANK_PROX_ANT)
Frame 14 (t=0.0583333):	total squared error = 0.022507, marker error: RMS=0.0250039, max=0.0761986 (R_SHANK_PROX_ANT)
Frame 15 (t=0.0625):	total squared error = 0.0225164, marker error: RMS=0.0250091, max=0.0763553 (R_SHANK_PROX_ANT)
Frame 16 (t=0.0666667):	total squared error = 0.0225075, marker error: RMS=0.0250041, max=0.0762239 (R_SHANK_PROX_ANT)
Frame 17 (t=0.0708333):	total squared error = 0.0225153, marker error: RMS=0.0250085, max=0.076514 (R_SHANK_PROX_ANT)
Frame 18 (t=0.075):	total squared error = 0.022518, marker error: RMS=0.02501, max=0.0766021 (R_SHANK_PROX_ANT)
Frame 19 (t=0.0791667):	total squared error = 0.0225234, marker error: RMS=0.025013, max=0.0763259 (R_SHANK_PROX_ANT)
Frame 20 (t=0.0833333):	total squared error = 0.0225346, marker error: RMS=0.0250192, max=0.0762828 (R_SHANK_PROX_ANT)
Frame 21 (t=0.0875):	total squared error = 0.022532, marker error: RMS=0.0250178, max=0.0765942 (R_SHANK_PROX_ANT)
Frame 22 (t=0.0916667):	total squared error = 0.0224912, marker error: RMS=0.0249951, max=0.076277 (R_SHANK_PROX_ANT)
Frame 23 (t=0.0958333):	total squared error = 0.0224937, marker error: RMS=0.0249965, max=0.0765459 (R_SHANK_PROX_ANT)
Frame 24 (t=0.1):	total squared error = 0.0224736, marker error: RMS=0.0249853, max=0.0763252 (R_SHANK_PROX_ANT)
Frame 25 (t=0.104167):	total squared error = 0.0224573, marker error: RMS=0.0249763, max=0.0762579 (R_SHANK_PROX_ANT)
Frame 26 (t=0.108333):	total squared error = 0.0224367, marker error: RMS=0.0249648, max=0.0762706 (R_SHANK_PROX_ANT)
Frame 27 (t=0.1125):	total squared error = 0.0224253, marker error: RMS=0.0249585, max=0.0761631 (R_SHANK_PROX_ANT)
Frame 28 (t=0.116667):	total squared error = 0.0224045, marker error: RMS=0.0249469, max=0.0761477 (R_SHANK_PROX_ANT)
Frame 29 (t=0.120833):	total squared error = 0.0223656, marker error: RMS=0.0249252, max=0.0761064 (R_SHANK_PROX_ANT)
Frame 30 (t=0.125):	total squared error = 0.0223436, marker error: RMS=0.0249129, max=0.076142 (R_SHANK_PROX_ANT)
Frame 31 (t=0.129167):	total squared error = 0.0223173, marker error: RMS=0.0248983, max=0.0760916 (R_SHANK_PROX_ANT)
Frame 32 (t=0.133333):	total squared error = 0.0222778, marker error: RMS=0.0248763, max=0.0760995 (R_SHANK_PROX_ANT)
Frame 33 (t=0.1375):	total squared error = 0.0222491, marker error: RMS=0.0248602, max=0.0760584 (R_SHANK_PROX_ANT)
Frame 34 (t=0.141667):	total squared error = 0.0222174, marker error: RMS=0.0248425, max=0.0760885 (R_SHANK_PROX_ANT)
Frame 35 (t=0.145833):	total squared error = 0.0221711, marker error: RMS=0.0248166, max=0.0761622 (R_SHANK_PROX_ANT)
Frame 36 (t=0.15):	total squared error = 0.0221126, marker error: RMS=0.0247838, max=0.0761133 (R_SHANK_PROX_ANT)
Frame 37 (t=0.154167):	total squared error = 0.022073, marker error: RMS=0.0247617, max=0.0762003 (R_SHANK_PROX_ANT)
Frame 38 (t=0.158333):	total squared error = 0.0220197, marker error: RMS=0.0247317, max=0.0763002 (R_SHANK_PROX_ANT)
Frame 39 (t=0.1625):	total squared error = 0.0219673, marker error: RMS=0.0247023, max=0.0763627 (R_SHANK_PROX_ANT)
Frame 40 (t=0.166667):	total squared error = 0.0219173, marker error: RMS=0.0246742, max=0.0765038 (R_SHANK_PROX_ANT)
Frame 41 (t=0.170833):	total squared error = 0.0218726, marker error: RMS=0.024649, max=0.0766558 (R_SHANK_PROX_ANT)
Frame 42 (t=0.175):	total squared error = 0.0218121, marker error: RMS=0.0246148, max=0.0768428 (R_SHANK_PROX_ANT)
Frame 43 (t=0.179167):	total squared error = 0.0217711, marker error: RMS=0.0245917, max=0.0769805 (R_SHANK_PROX_ANT)
Frame 44 (t=0.183333):	total squared error = 0.0216471, marker error: RMS=0.0245216, max=0.0773348 (R_SHANK_PROX_ANT)
Frame 45 (t=0.1875):	total squared error = 0.0215914, marker error: RMS=0.02449, max=0.0776008 (R_SHANK_PROX_ANT)
Frame 46 (t=0.191667):	total squared error = 0.0215576, marker error: RMS=0.0244709, max=0.0777886 (R_SHANK_PROX_ANT)
Frame 47 (t=0.195833):	total squared error = 0.0215235, marker error: RMS=0.0244515, max=0.0780279 (R_SHANK_PROX_ANT)
Frame 48 (t=0.2):	total squared error = 0.0214175, marker error: RMS=0.0243912, max=0.0784047 (R_SHANK_PROX_ANT)
Frame 49 (t=0.204167):	total squared error = 0.0213875, marker error: RMS=0.0243741, max=0.0787157 (R_SHANK_PROX_ANT)
Frame 50 (t=0.208333):	total squared error = 0.0213854, marker error: RMS=0.0243729, max=0.0789328 (R_SHANK_PROX_ANT)
Frame 51 (t=0.2125):	total squared error = 0.0213989, marker error: RMS=0.0243806, max=0.079191 (R_SHANK_PROX_ANT)
Frame 52 (t=0.216667):	total squared error = 0.0214109, marker error: RMS=0.0243875, max=0.0793911 (R_SHANK_PROX_ANT)
Frame 53 (t=0.220833):	total squared error = 0.0213181, marker error: RMS=0.0243345, max=0.0797782 (R_SHANK_PROX_ANT)
Frame 54 (t=0.225):	total squared error = 0.0213394, marker error: RMS=0.0243467, max=0.0800896 (R_SHANK_PROX_ANT)
Frame 55 (t=0.229167):	total squared error = 0.0213611, marker error: RMS=0.024359, max=0.0801609 (R_SHANK_PROX_ANT)
Frame 56 (t=0.233333):	total squared error = 0.0214082, marker error: RMS=0.0243859, max=0.0803349 (R_SHANK_PROX_ANT)
Frame 57 (t=0.2375):	total squared error = 0.0213835, marker error: RMS=0.0243718, max=0.0805233 (R_SHANK_PROX_ANT)
Frame 58 (t=0.241667):	total squared error = 0.0214402, marker error: RMS=0.0244041, max=0.0806963 (R_SHANK_PROX_ANT)
Frame 59 (t=0.245833):	total squared error = 0.0214493, marker error: RMS=0.0244093, max=0.0807157 (R_SHANK_PROX_ANT)
Frame 60 (t=0.25):	total squared error = 0.0214941, marker error: RMS=0.0244348, max=0.0807485 (R_SHANK_PROX_ANT)
Frame 61 (t=0.254167):	total squared error = 0.0215463, marker error: RMS=0.0244644, max=0.0807787 (R_SHANK_PROX_ANT)
Frame 62 (t=0.258333):	total squared error = 0.0215807, marker error: RMS=0.024484, max=0.080762 (R_SHANK_PROX_ANT)
Frame 63 (t=0.2625):	total squared error = 0.0216158, marker error: RMS=0.0245038, max=0.0807619 (R_SHANK_PROX_ANT)
Frame 64 (t=0.266667):	total squared error = 0.0216693, marker error: RMS=0.0245342, max=0.080716 (R_SHANK_PROX_ANT)
Frame 65 (t=0.270833):	total squared error = 0.0216852, marker error: RMS=0.0245432, max=0.0806703 (R_SHANK_PROX_ANT)
Frame 66 (t=0.275):	total squared error = 0.0217394, marker error: RMS=0.0245738, max=0.0806583 (R_SHANK_PROX_ANT)
Frame 67 (t=0.279167):	total squared error = 0.021798, marker error: RMS=0.0246069, max=0.0805904 (R_SHANK_PROX_ANT)
Frame 68 (t=0.283333):	total squared error = 0.021869, marker error: RMS=0.024647, max=0.0805544 (R_SHANK_PROX_ANT)
Frame 69 (t=0.2875):	total squared error = 0.0219261, marker error: RMS=0.0246791, max=0.0804921 (R_SHANK_PROX_ANT)
Frame 70 (t=0.291667):	total squared error = 0.0219885, marker error: RMS=0.0247142, max=0.0804807 (R_SHANK_PROX_ANT)
Frame 71 (t=0.295833):	total squared error = 0.0220611, marker error: RMS=0.0247549, max=0.0804472 (R_SHANK_PROX_ANT)
Frame 72 (t=0.3):	total squared error = 0.0221258, marker error: RMS=0.0247912, max=0.0804348 (R_SHANK_PROX_ANT)
Frame 73 (t=0.304167):	total squared error = 0.0221992, marker error: RMS=0.0248323, max=0.0804206 (R_SHANK_PROX_ANT)
Frame 74 (t=0.308333):	total squared error = 0.0222573, marker error: RMS=0.0248648, max=0.080421 (R_SHANK_PROX_ANT)
Frame 75 (t=0.3125):	total squared error = 0.0223237, marker error: RMS=0.0249019, max=0.0804133 (R_SHANK_PROX_ANT)
Frame 76 (t=0.316667):	total squared error = 0.0223686, marker error: RMS=0.0249269, max=0.0804402 (R_SHANK_PROX_ANT)
Frame 77 (t=0.320833):	total squared error = 0.0224475, marker error: RMS=0.0249708, max=0.0803749 (R_SHANK_PROX_ANT)
Frame 78 (t=0.325):	total squared error = 0.0224446, marker error: RMS=0.0249692, max=0.0804149 (R_SHANK_PROX_ANT)
Frame 79 (t=0.329167):	total squared error = 0.0225004, marker error: RMS=0.0250002, max=0.0803028 (R_SHANK_PROX_ANT)
Frame 80 (t=0.333333):	total squared error = 0.0224882, marker error: RMS=0.0249934, max=0.0803384 (R_SHANK_PROX_ANT)
Frame 81 (t=0.3375):	total squared error = 0.0225275, marker error: RMS=0.0250153, max=0.0801892 (R_SHANK_PROX_ANT)
Frame 82 (t=0.341667):	total squared error = 0.0224952, marker error: RMS=0.0249973, max=0.0801993 (R_SHANK_PROX_ANT)
Frame 83 (t=0.345833):	total squared error = 0.0224872, marker error: RMS=0.0249929, max=0.0800625 (R_SHANK_PROX_ANT)
Frame 84 (t=0.35):	total squared error = 0.0224691, marker error: RMS=0.0249828, max=0.0799146 (R_SHANK_PROX_ANT)
Frame 85 (t=0.354167):	total squared error = 0.0224406, marker error: RMS=0.024967, max=0.079737 (R_SHANK_PROX_ANT)
Frame 86 (t=0.358333):	total squared error = 0.0224106, marker error: RMS=0.0249503, max=0.0795084 (R_SHANK_PROX_ANT)
Frame 87 (t=0.3625):	total squared error = 0.0223639, marker error: RMS=0.0249243, max=0.0792839 (R_SHANK_PROX_ANT)
Frame 88 (t=0.366667):	total squared error = 0.0223337, marker error: RMS=0.0249075, max=0.0788878 (R_SHANK_PROX_ANT)
Frame 89 (t=0.370833):	total squared error = 0.0222606, marker error: RMS=0.0248667, max=0.0787896 (R_SHANK_PROX_ANT)
Frame 90 (t=0.375):	total squared error = 0.0222193, marker error: RMS=0.0248436, max=0.0784185 (R_SHANK_PROX_ANT)
Frame 91 (t=0.379167):	total squared error = 0.0221739, marker error: RMS=0.0248182, max=0.0780696 (R_SHANK_PROX_ANT)
Frame 92 (t=0.383333):	total squared error = 0.0221387, marker error: RMS=0.0247985, max=0.0776628 (R_SHANK_PROX_ANT)
Frame 93 (t=0.3875):	total squared error = 0.0220935, marker error: RMS=0.0247731, max=0.0773454 (R_SHANK_PROX_ANT)
Frame 94 (t=0.391667):	total squared error = 0.0220553, marker error: RMS=0.0247517, max=0.0769317 (R_SHANK_PROX_ANT)
Frame 95 (t=0.395833):	total squared error = 0.022019, marker error: RMS=0.0247313, max=0.0763599 (R_SHANK_PROX_ANT)
Frame 96 (t=0.4):	total squared error = 0.0219907, marker error: RMS=0.0247154, max=0.0760281 (R_SHANK_PROX_ANT)
Frame 97 (t=0.404167):	total squared error = 0.0219196, marker error: RMS=0.0246755, max=0.0758384 (R_SHANK_PROX_ANT)
Frame 98 (t=0.408333):	total squared error = 0.0218944, marker error: RMS=0.0246613, max=0.0753211 (R_SHANK_PROX_ANT)
Frame 99 (t=0.4125):	total squared error = 0.0218663, marker error: RMS=0.0246454, max=0.0749073 (R_SHANK_PROX_ANT)
Frame 100 (t=0.416667):	total squared error = 0.0218346, marker error: RMS=0.0246275, max=0.0746038 (R_SHANK_PROX_ANT)
Frame 101 (t=0.420833):	total squared error = 0.021805, marker error: RMS=0.0246108, max=0.0741796 (R_SHANK_PROX_ANT)
Frame 102 (t=0.425):	total squared error = 0.0217809, marker error: RMS=0.0245972, max=0.0738073 (R_SHANK_PROX_ANT)
Frame 103 (t=0.429167):	total squared error = 0.0217542, marker error: RMS=0.0245822, max=0.0735277 (R_SHANK_PROX_ANT)
Frame 104 (t=0.433333):	total squared error = 0.0217334, marker error: RMS=0.0245704, max=0.0731363 (R_SHANK_PROX_ANT)
Frame 105 (t=0.4375):	total squared error = 0.0216944, marker error: RMS=0.0245484, max=0.0729687 (R_SHANK_PROX_ANT)
Frame 106 (t=0.441667):	total squared error = 0.021661, marker error: RMS=0.0245295, max=0.072909 (R_SHANK_PROX_POST)
Frame 107 (t=0.445833):	total squared error = 0.0216427, marker error: RMS=0.0245191, max=0.0731127 (R_SHANK_PROX_POST)
Frame 108 (t=0.45):	total squared error = 0.0216235, marker error: RMS=0.0245082, max=0.0731696 (R_SHANK_PROX_POST)
Frame 109 (t=0.454167):	total squared error = 0.0216012, marker error: RMS=0.0244956, max=0.0733281 (R_SHANK_PROX_POST)
Frame 110 (t=0.458333):	total squared error = 0.0215862, marker error: RMS=0.024487, max=0.0735057 (R_SHANK_PROX_POST)
Frame 111 (t=0.4625):	total squared error = 0.0215789, marker error: RMS=0.0244829, max=0.0735789 (R_SHANK_PROX_POST)
Frame 112 (t=0.466667):	total squared error = 0.0215753, marker error: RMS=0.0244809, max=0.0736267 (R_SHANK_PROX_POST)
Frame 113 (t=0.470833):	total squared error = 0.0215665, marker error: RMS=0.0244759, max=0.0737085 (R_SHANK_PROX_POST)
Frame 114 (t=0.475):	total squared error = 0.0215715, marker error: RMS=0.0244787, max=0.0738125 (R_SHANK_PROX_POST)
Frame 115 (t=0.479167):	total squared error = 0.0215793, marker error: RMS=0.0244832, max=0.073832 (R_SHANK_PROX_POST)
Frame 116 (t=0.483333):	total squared error = 0.0215926, marker error: RMS=0.0244907, max=0.0739125 (R_SHANK_PROX_POST)
Frame 117 (t=0.4875):	total squared error = 0.0216031, marker error: RMS=0.0244966, max=0.0739079 (R_SHANK_PROX_POST)
Frame 118 (t=0.491667):	total squared error = 0.0216139, marker error: RMS=0.0245028, max=0.0738708 (R_SHANK_PROX_POST)
Frame 119 (t=0.495833):	total squared error = 0.0216408, marker error: RMS=0.024518, max=0.0740076 (R_SHANK_PROX_POST)
Frame 120 (t=0.5):	total squared error = 0.021669, marker error: RMS=0.024534, max=0.0737456 (R_SHANK_PROX_POST)
Frame 121 (t=0.504167):	total squared error = 0.0217029, marker error: RMS=0.0245532, max=0.0738502 (R_SHANK_PROX_POST)
Frame 122 (t=0.508333):	total squared error = 0.021722, marker error: RMS=0.024564, max=0.0737781 (R_SHANK_PROX_POST)
Frame 123 (t=0.5125):	total squared error = 0.0217683, marker error: RMS=0.0245902, max=0.0739194 (R_SHANK_PROX_POST)
Frame 124 (t=0.516667):	total squared error = 0.0218028, marker error: RMS=0.0246096, max=0.0737998 (R_SHANK_PROX_POST)
Frame 125 (t=0.520833):	total squared error = 0.0218334, marker error: RMS=0.0246269, max=0.0737429 (R_SHANK_PROX_POST)
Frame 126 (t=0.525):	total squared error = 0.0218809, marker error: RMS=0.0246537, max=0.0737811 (R_SHANK_PROX_POST)
Frame 127 (t=0.529167):	total squared error = 0.0219236, marker error: RMS=0.0246777, max=0.0741235 (R_SHANK_PROX_POST)
Frame 128 (t=0.533333):	total squared error = 0.0219566, marker error: RMS=0.0246962, max=0.0735644 (R_SHANK_PROX_POST)
Frame 129 (t=0.5375):	total squared error = 0.0220049, marker error: RMS=0.0247234, max=0.0738877 (R_SHANK_PROX_POST)
Frame 130 (t=0.541667):	total squared error = 0.0220525, marker error: RMS=0.0247502, max=0.0734238 (R_SHANK_PROX_POST)
Frame 131 (t=0.545833):	total squared error = 0.0220904, marker error: RMS=0.0247714, max=0.0737354 (R_SHANK_PROX_POST)
Frame 132 (t=0.55):	total squared error = 0.0221508, marker error: RMS=0.0248052, max=0.0733372 (R_SHANK_PROX_POST)
Frame 133 (t=0.554167):	total squared error = 0.0221271, marker error: RMS=0.024792, max=0.0730867 (R_SHANK_PROX_POST)
Frame 134 (t=0.558333):	total squared error = 0.0221639, marker error: RMS=0.0248126, max=0.0730677 (R_SHANK_PROX_POST)
Frame 135 (t=0.5625):	total squared error = 0.0221933, marker error: RMS=0.024829, max=0.0731931 (R_SHANK_PROX_POST)
Frame 136 (t=0.566667):	total squared error = 0.0222215, marker error: RMS=0.0248448, max=0.0733918 (R_SHANK_PROX_ANT)
Frame 137 (t=0.570833):	total squared error = 0.0222402, marker error: RMS=0.0248553, max=0.073424 (R_SHANK_PROX_ANT)
Frame 138 (t=0.575):	total squared error = 0.0222291, marker error: RMS=0.024849, max=0.0732746 (R_SHANK_PROX_ANT)
Frame 139 (t=0.579167):	total squared error = 0.022259, marker error: RMS=0.0248658, max=0.0739502 (R_SHANK_PROX_ANT)
Frame 140 (t=0.583333):	total squared error = 0.0222535, marker error: RMS=0.0248627, max=0.0739444 (R_SHANK_PROX_ANT)
Frame 141 (t=0.5875):	total squared error = 0.0222413, marker error: RMS=0.0248559, max=0.0740294 (R_SHANK_PROX_ANT)
Frame 142 (t=0.591667):	total squared error = 0.0221982, marker error: RMS=0.0248318, max=0.0743057 (R_SHANK_PROX_ANT)
Frame 143 (t=0.595833):	total squared error = 0.0221732, marker error: RMS=0.0248178, max=0.0743711 (R_SHANK_PROX_ANT)
Frame 144 (t=0.6):	total squared error = 0.0221722, marker error: RMS=0.0248172, max=0.0743578 (R_SHANK_PROX_ANT)
Frame 145 (t=0.604167):	total squared error = 0.0221145, marker error: RMS=0.0247849, max=0.0742981 (R_SHANK_PROX_ANT)
Frame 146 (t=0.608333):	total squared error = 0.0220818, marker error: RMS=0.0247666, max=0.0744425 (R_SHANK_PROX_ANT)
Frame 147 (t=0.6125):	total squared error = 0.022041, marker error: RMS=0.0247437, max=0.0744578 (R_SHANK_PROX_ANT)
Frame 148 (t=0.616667):	total squared error = 0.0219777, marker error: RMS=0.0247081, max=0.0744299 (R_SHANK_PROX_ANT)
Frame 149 (t=0.620833):	total squared error = 0.0219329, marker error: RMS=0.0246829, max=0.0744303 (R_SHANK_PROX_ANT)
Frame 150 (t=0.625):	total squared error = 0.0218944, marker error: RMS=0.0246613, max=0.0744949 (R_SHANK_PROX_ANT)
Frame 151 (t=0.629167):	total squared error = 0.0218733, marker error: RMS=0.0246494, max=0.0746994 (R_SHANK_PROX_ANT)
Frame 152 (t=0.633333):	total squared error = 0.0218488, marker error: RMS=0.0246356, max=0.0747752 (R_SHANK_PROX_ANT)
Frame 153 (t=0.6375):	total squared error = 0.0217609, marker error: RMS=0.024586, max=0.0746127 (R_SHANK_PROX_ANT)
Frame 154 (t=0.641667):	total squared error = 0.0217544, marker error: RMS=0.0245823, max=0.0748278 (R_SHANK_PROX_ANT)
Frame 155 (t=0.645833):	total squared error = 0.0217232, marker error: RMS=0.0245647, max=0.0747205 (R_SHANK_PROX_ANT)
Frame 156 (t=0.65):	total squared error = 0.0217401, marker error: RMS=0.0245742, max=0.0750905 (R_SHANK_PROX_ANT)
Frame 157 (t=0.654167):	total squared error = 0.0217339, marker error: RMS=0.0245707, max=0.0749396 (R_SHANK_PROX_ANT)
Frame 158 (t=0.658333):	total squared error = 0.0217208, marker error: RMS=0.0245633, max=0.075004 (R_SHANK_PROX_ANT)
Frame 159 (t=0.6625):	total squared error = 0.021729, marker error: RMS=0.0245679, max=0.075186 (R_SHANK_PROX_ANT)
Frame 160 (t=0.666667):	total squared error = 0.0217477, marker error: RMS=0.0245785, max=0.0752865 (R_SHANK_PROX_ANT)
Frame 161 (t=0.670833):	total squared error = 0.021766, marker error: RMS=0.0245888, max=0.0753754 (R_SHANK_PROX_ANT)
Frame 162 (t=0.675):	total squared error = 0.021783, marker error: RMS=0.0245984, max=0.0754893 (R_SHANK_PROX_ANT)
Frame 163 (t=0.679167):	total squared error = 0.0217748, marker error: RMS=0.0245938, max=0.0756282 (R_SHANK_PROX_ANT)
Frame 164 (t=0.683333):	total squared error = 0.0218107, marker error: RMS=0.0246141, max=0.0758535 (R_SHANK_PROX_ANT)
Frame 165 (t=0.6875):	total squared error = 0.0218443, marker error: RMS=0.024633, max=0.0760336 (R_SHANK_PROX_ANT)
Frame 166 (t=0.691667):	total squared error = 0.0218614, marker error: RMS=0.0246427, max=0.0762124 (R_SHANK_PROX_ANT)
Frame 167 (t=0.695833):	total squared error = 0.0219161, marker error: RMS=0.0246735, max=0.0764949 (R_SHANK_PROX_ANT)
Frame 168 (t=0.7):	total squared error = 0.0219655, marker error: RMS=0.0247012, max=0.0766728 (R_SHANK_PROX_ANT)
Frame 169 (t=0.704167):	total squared error = 0.0220087, marker error: RMS=0.0247256, max=0.0769291 (R_SHANK_PROX_ANT)
Frame 170 (t=0.708333):	total squared error = 0.0220692, marker error: RMS=0.0247595, max=0.0771883 (R_SHANK_PROX_ANT)
Frame 171 (t=0.7125):	total squared error = 0.0221292, marker error: RMS=0.0247931, max=0.0774644 (R_SHANK_PROX_ANT)
Frame 172 (t=0.716667):	total squared error = 0.022176, marker error: RMS=0.0248193, max=0.0776526 (R_SHANK_PROX_ANT)
Frame 173 (t=0.720833):	total squared error = 0.022213, marker error: RMS=0.0248401, max=0.0779648 (R_SHANK_PROX_ANT)
Frame 174 (t=0.725):	total squared error = 0.0222839, marker error: RMS=0.0248797, max=0.0782996 (R_SHANK_PROX_ANT)
Frame 175 (t=0.729167):	total squared error = 0.0222983, marker error: RMS=0.0248877, max=0.0784464 (R_SHANK_PROX_ANT)
Frame 176 (t=0.733333):	total squared error = 0.0223212, marker error: RMS=0.0249005, max=0.0786848 (R_SHANK_PROX_ANT)
Frame 177 (t=0.7375):	total squared error = 0.0223711, marker error: RMS=0.0249283, max=0.0790311 (R_SHANK_PROX_ANT)
Frame 178 (t=0.741667):	total squared error = 0.0223147, marker error: RMS=0.0248969, max=0.079093 (R_SHANK_PROX_ANT)
Frame 179 (t=0.745833):	total squared error = 0.0223118, marker error: RMS=0.0248952, max=0.0792524 (R_SHANK_PROX_ANT)
Frame 180 (t=0.75):	total squared error = 0.0222767, marker error: RMS=0.0248756, max=0.0794309 (R_SHANK_PROX_ANT)
Frame 181 (t=0.754167):	total squared error = 0.0222394, marker error: RMS=0.0248548, max=0.0794805 (R_SHANK_PROX_ANT)
Frame 182 (t=0.758333):	total squared error = 0.0222093, marker error: RMS=0.0248379, max=0.0795948 (R_SHANK_PROX_ANT)
Frame 183 (t=0.7625):	total squared error = 0.0221508, marker error: RMS=0.0248052, max=0.0797005 (R_SHANK_PROX_ANT)
Frame 184 (t=0.766667):	total squared error = 0.0220876, marker error: RMS=0.0247698, max=0.0796667 (R_SHANK_PROX_ANT)
Frame 185 (t=0.770833):	total squared error = 0.0220185, marker error: RMS=0.024731, max=0.0796686 (R_SHANK_PROX_ANT)
Frame 186 (t=0.775):	total squared error = 0.0219542, marker error: RMS=0.0246949, max=0.0796679 (R_SHANK_PROX_ANT)
Frame 187 (t=0.779167):	total squared error = 0.0219352, marker error: RMS=0.0246842, max=0.0795985 (R_SHANK_PROX_ANT)
Frame 188 (t=0.783333):	total squared error = 0.0218109, marker error: RMS=0.0246142, max=0.0793101 (R_SHANK_PROX_ANT)
Frame 189 (t=0.7875):	total squared error = 0.0217377, marker error: RMS=0.0245728, max=0.079257 (R_SHANK_PROX_ANT)
Frame 190 (t=0.791667):	total squared error = 0.0216652, marker error: RMS=0.0245318, max=0.0791218 (R_SHANK_PROX_ANT)
Frame 191 (t=0.795833):	total squared error = 0.0216011, marker error: RMS=0.0244955, max=0.0789583 (R_SHANK_PROX_ANT)
Frame 192 (t=0.8):	total squared error = 0.021556, marker error: RMS=0.0244699, max=0.0787606 (R_SHANK_PROX_ANT)
Frame 193 (t=0.804167):	total squared error = 0.021496, marker error: RMS=0.0244359, max=0.0784711 (R_SHANK_PROX_ANT)
Frame 194 (t=0.808333):	total squared error = 0.0214454, marker error: RMS=0.0244071, max=0.0783436 (R_SHANK_PROX_ANT)
Frame 195 (t=0.8125):	total squared error = 0.0214067, marker error: RMS=0.024385, max=0.0781779 (R_SHANK_PROX_ANT)
Frame 196 (t=0.816667):	total squared error = 0.0213782, marker error: RMS=0.0243688, max=0.0779256 (R_SHANK_PROX_ANT)
Frame 197 (t=0.820833):	total squared error = 0.0213536, marker error: RMS=0.0243548, max=0.0777365 (R_SHANK_PROX_ANT)
Frame 198 (t=0.825):	total squared error = 0.0213476, marker error: RMS=0.0243513, max=0.0775894 (R_SHANK_PROX_ANT)
Frame 199 (t=0.829167):	total squared error = 0.0213503, marker error: RMS=0.0243529, max=0.0774965 (R_SHANK_PROX_ANT)
Frame 200 (t=0.833333):	total squared error = 0.021357, marker error: RMS=0.0243567, max=0.0773794 (R_SHANK_PROX_ANT)
Frame 201 (t=0.8375):	total squared error = 0.0213764, marker error: RMS=0.0243678, max=0.0773426 (R_SHANK_PROX_ANT)
Frame 202 (t=0.841667):	total squared error = 0.0214067, marker error: RMS=0.024385, max=0.0772908 (R_SHANK_PROX_ANT)
Frame 203 (t=0.845833):	total squared error = 0.0214298, marker error: RMS=0.0243982, max=0.0771836 (R_SHANK_PROX_ANT)
Frame 204 (t=0.85):	total squared error = 0.0214666, marker error: RMS=0.0244191, max=0.0772169 (R_SHANK_PROX_ANT)
Frame 205 (t=0.854167):	total squared error = 0.0215054, marker error: RMS=0.0244412, max=0.0772963 (R_SHANK_PROX_ANT)
Frame 206 (t=0.858333):	total squared error = 0.0215493, marker error: RMS=0.0244661, max=0.0772734 (R_SHANK_PROX_ANT)
Frame 207 (t=0.8625):	total squared error = 0.0215966, marker error: RMS=0.024493, max=0.0773247 (R_SHANK_PROX_ANT)
Frame 208 (t=0.866667):	total squared error = 0.0216456, marker error: RMS=0.0245207, max=0.0773974 (R_SHANK_PROX_ANT)
Frame 209 (t=0.870833):	total squared error = 0.0216864, marker error: RMS=0.0245439, max=0.0774465 (R_SHANK_PROX_ANT)
Frame 210 (t=0.875):	total squared error = 0.0217217, marker error: RMS=0.0245638, max=0.0774011 (R_SHANK_PROX_ANT)
Frame 211 (t=0.879167):	total squared error = 0.0217621, marker error: RMS=0.0245866, max=0.0774203 (R_SHANK_PROX_ANT)
Frame 212 (t=0.883333):	total squared error = 0.0217964, marker error: RMS=0.024606, max=0.07748 (R_SHANK_PROX_ANT)
Frame 213 (t=0.8875):	total squared error = 0.0218295, marker error: RMS=0.0246247, max=0.0775088 (R_SHANK_PROX_ANT)
Frame 214 (t=0.891667):	total squared error = 0.0218583, marker error: RMS=0.0246409, max=0.077518 (R_SHANK_PROX_ANT)
Frame 215 (t=0.895833):	total squared error = 0.0218764, marker error: RMS=0.0246511, max=0.0774879 (R_SHANK_PROX_ANT)
Frame 216 (t=0.9):	total squared error = 0.021892, marker error: RMS=0.0246599, max=0.0774652 (R_SHANK_PROX_ANT)
Frame 217 (t=0.904167):	total squared error = 0.0219093, marker error: RMS=0.0246697, max=0.0774242 (R_SHANK_PROX_ANT)
Frame 218 (t=0.908333):	total squared error = 0.0219306, marker error: RMS=0.0246816, max=0.0773508 (R_SHANK_PROX_ANT)
Frame 219 (t=0.9125):	total squared error = 0.0219253, marker error: RMS=0.0246787, max=0.0773114 (R_SHANK_PROX_ANT)
Frame 220 (t=0.916667):	total squared error = 0.0219412, marker error: RMS=0.0246876, max=0.0774504 (R_SHANK_PROX_ANT)
