Constructing tool from setup file C:\Users\Mark\Documents\opensim-marker-place-toolbox\LaPre_et_al_2017\A07\IKSetup\A07_Setup_IK.xml.

Loaded model A07_passive_autoScaled from file C:\Users\Mark\Documents\opensim-marker-place-toolbox\LaPre_et_al_2017\A07\autoPlaceWorker.osim
               MODEL: A07_passive_autoScaled
         coordinates: 27
              forces: 51
           actuators: 51
             muscles: 51
            analyses: 0
              probes: 0
              bodies: 13
              joints: 12
         constraints: 0
             markers: 50
         controllers: 0
  contact geometries: 0
misc modelcomponents: 0
Running tool PassiveChopped.
Loaded marker file C:\Users\Mark\Documents\opensim-marker-place-toolbox\LaPre_et_al_2017\A07\MarkerData\PREF\A07_Pref_0002.trc (50 markers, 303 frames)
Frame 0 (t=0):	total squared error = 0.00179078, marker error: RMS=0.0066089, max=0.0128716 (R_ASIS)
Frame 1 (t=0.00416667):	total squared error = 0.00177521, marker error: RMS=0.0065801, maxLoaded model A03_passive_scaled from file C:\Users\Mark\Documents\opensim-marker-place-toolbox\LaPre_et_al_2017\A03\Models\Scaled\A03_passive_autoScaled4.osim
Loaded model A01_Left_TTAmp_SR1_scaled from file C:\Users\Mark\Documents\opensim-marker-place-toolbox\LaPre_et_al_2017\A01\Models\Scaled\A01_Left_TTAmp_SR1_scaled.osim
=0.0138591 (R_ASIS)
Frame 5 (t=0.0208333):	total squared error = 0.00177415, marker error: RMS=0.00657813, max=0.0138251 (R_ASIS)
Frame 6 (t=0.025):	total squared error = 0.00175561, marker error: RMS=0.00654368, max=0.013654 (R_ASIS)
Frame 7 (t=0.0291667):	total squared error = 0.00176031, marker error: RMS=0.00655244, max=0.0140594 (R_ASIS)
Frame 8 (t=0.0333333):	total squared error = 0.00177478, marker error: RMS=0.00657932, max=0.0143803 (R_ASIS)
Frame 9 (t=0.0375):	total squared error = 0.00180478, marker error: RMS=0.00663469, max=0.0146801 (R_ASIS)
Frame 10 (t=0.0416667):	total squared error = 0.00182238, marker error: RMS=0.00666696, max=0.0148489 (R_ASIS)
Frame 11 (t=0.0458333):	total squared error = 0.00184273, marker error: RMS=0.00670408, max=0.014825 (R_ASIS)
Frame 12 (t=0.05):	total squared error = 0.00186669, marker error: RMS=0.00674753, max=0.0146465 (R_ASIS)
Frame 13 (t=0.0541667):	total squared error = 0.00183293, marker error: RMS=0.00668622, max=0.0138179 (R_ASIS)
Frame 14 (t=0.0583333):	total squared error = 0.00185467, marker error: RMS=0.00672576, max=0.013989 (R_ASIS)
Frame 15 (t=0.0625):	total squared error = 0.00186433, marker error: RMS=0.00674325, max=0.014638 (R_ASIS)
Frame 16 (t=0.0666667):	total squared error = 0.00188491, marker error: RMS=0.00678036, max=0.0147923 (R_ASIS)
Frame 17 (t=0.0708333):	total squared error = 0.00190115, marker error: RMS=0.00680951, max=0.014839 (R_ASIS)
Frame 18 (t=0.075):	total squared error = 0.001915, marker error: RMS=0.00683427, max=0.0147625 (R_ASIS)
Frame 19 (t=0.0791667):	total squared error = 0.00192972, marker error: RMS=0.00686049, max=0.014669 (R_ASIS)
Frame 20 (t=0.0833333):	total squared error = 0.00194433, marker error: RMS=0.00688641, max=0.0134786 (L_HEEL_SUP)
Frame 21 (t=0.0875):	total squared error = 0.00192385, marker error: RMS=0.00685004, max=0.0137226 (R_ASIS)
Frame 22 (t=0.0916667):	total squared error = 0.00191946, marker error: RMS=0.00684223, max=0.0137235 (R_ASIS)
Frame 23 (t=0.0958333):	total squared error = 0.00191437, marker error: RMS=0.00683315, max=0.0135215 (R_ASIS)
Frame 24 (t=0.1):	total squared error = 0.00190295, marker error: RMS=0.00681274, max=0.0134613 (L_HEEL_SUP)
Frame 25 (t=0.104167):	total squared error = 0.00190054, marker error: RMS=0.00680842, max=0.01354 (L_HEEL_SUP)
Frame 26 (t=0.108333):	total squared error = 0.00185574, marker error: RMS=0.00672769, max=0.01344 (L_HEEL_SUP)
Frame 27 (t=0.1125):	total squared error = 0.00182305, marker error: RMS=0.00666818, max=0.0133638 (L_HEEL_SUP)
Frame 28 (t=0.116667):	total squared error = 0.00182277, marker error: RMS=0.00666767, max=0.0133793 (L_HEEL_SUP)
Frame 29 (t=0.120833):	total squared error = 0.00176013, marker error: RMS=0.00655209, max=0.0132563 (L_HEEL_SUP)
Frame 30 (t=0.125):	total squared error = 0.00172845, marker error: RMS=0.00649288, max=0.0131803 (L_HEEL_SUP)
Frame 31 (t=0.129167):	total squared error = 0.00173261, marker error: RMS=0.00650068, max=0.0131306 (L_HEEL_SUP)
Frame 32 (t=0.133333):	total squared error = 0.00167977, marker error: RMS=0.00640079, max=0.0130264 (L_HEEL_SUP)
Frame 33 (t=0.1375):	total squared error = 0.00169592, marker error: RMS=0.00643147, max=0.0129832 (L_HEEL_SUP)
Frame 34 (t=0.141667):	total squared error = 0.0016489, marker error: RMS=0.00634169, max=0.0128474 (L_HEEL_SUP)
Frame 35 (t=0.145833):	total squared error = 0.00167648, marker error: RMS=0.00639452, max=0.0127659 (L_HEEL_SUP)
Frame 36 (t=0.15):	total squared error = 0.00167552, marker error: RMS=0.00639269, max=0.0128221 (R_1ST_MET)
Frame 37 (t=0.154167):	total squared error = 0.00167916, marker error: RMS=0.00639961, max=0.0134104 (R_1ST_MET)
Frame 38 (t=0.158333):	total squared error = 0.00168709, marker error: RMS=0.00641472, max=0.0138118 (R_1ST_MET)
Frame 39 (t=0.1625):	total squared error = 0.00169236, marker error: RMS=0.00642472, max=0.0141827 (R_1ST_MET)
Frame 40 (t=0.166667):	total squared error = 0.00171661, marker error: RMS=0.00647059, max=0.0147872 (R_1ST_MET)
Frame 41 (t=0.170833):	total squared error = 0.00173022, marker error: RMS=0.00649618, max=0.015168 (R_1ST_MET)
Frame 42 (t=0.175):	total squared error = 0.00174068, marker error: RMS=0.0065158, max=0.015304 (R_1ST_MET)
Frame 43 (t=0.179167):	total squared error = 0.00172911, marker error: RMS=0.0064941, max=0.0154042 (R_1ST_MET)
Frame 44 (t=0.183333):	total squared error = 0.00174901, marker error: RMS=0.00653136, max=0.0153521 (R_1ST_MET)
Frame 45 (t=0.1875):	total squared error = 0.00174167, marker error: RMS=0.00651766, max=0.0152344 (R_1ST_MET)
Frame 46 (t=0.191667):	total squared error = 0.00173838, marker error: RMS=0.00651148, max=0.0160374 (R_1ST_MET)
Frame 47 (t=0.195833):	total squared error = 0.00161985, marker error: RMS=0.00628558, max=0.0118788 (R_1ST_MET)
Frame 48 (t=0.2):	total squared error = 0.00160222, marker error: RMS=0.00625129, max=0.0118773 (L_1ST_MET)
Frame 49 (t=0.204167):	total squared error = 0.00158378, marker error: RMS=0.0062152, max=0.0118224 (L_1ST_MET)
Frame 50 (t=0.208333):	total squared error = 0.00160667, marker error: RMS=0.00625997, max=0.0128627 (R_1ST_MET)
Frame 51 (t=0.2125):	total squared error = 0.00156862, marker error: RMS=0.00618538, max=0.0118763 (L_1ST_MET)
Frame 52 (t=0.216667):	total squared error = 0.00155515, marker error: RMS=0.00615878, max=0.0118889 (L_1ST_MET)
Frame 53 (t=0.220833):	total squared error = 0.00154344, marker error: RMS=0.00613554, max=0.0119052 (L_1ST_MET)
Frame 54 (t=0.225):	total squared error = 0.00155519, marker error: RMS=0.00615884, max=0.0120214 (L_1ST_MET)
Frame 55 (t=0.229167):	total squared error = 0.0015237, marker error: RMS=0.00609618, max=0.011937 (L_1ST_MET)
Frame 56 (t=0.233333):	total squared error = 0.00150389, marker error: RMS=0.00605643, max=0.0119275 (L_1ST_MET)
Frame 57 (t=0.2375):	total squared error = 0.00150378, marker error: RMS=0.0060562, max=0.0120303 (L_1ST_MET)
Frame 58 (t=0.241667):	total squared error = 0.00147542, marker error: RMS=0.00599883, max=0.0119746 (L_1ST_MET)
Frame 59 (t=0.245833):	total squared error = 0.00146651, marker error: RMS=0.00598068, max=0.0120576 (L_1ST_MET)
Frame 60 (t=0.25):	total squared error = 0.00135145, marker error: RMS=0.00574128, max=0.0120265 (L_1ST_MET)
Frame 61 (t=0.254167):	total squared error = 0.00132532, marker error: RMS=0.00568549, max=0.0120129 (L_1ST_MET)
Frame 62 (t=0.258333):	total squared error = 0.00130755, marker error: RMS=0.00564725, max=0.0120179 (L_1ST_MET)
Frame 63 (t=0.2625):	total squared error = 0.00129412, marker error: RMS=0.00561818, max=0.012083 (L_1ST_MET)
Frame 64 (t=0.266667):	total squared error = 0.00126774, marker error: RMS=0.00556062, max=0.0120584 (L_1ST_MET)
Frame 65 (t=0.270833):	total squared error = 0.00125632, marker error: RMS=0.00553551, max=0.012129 (L_1ST_MET)
Frame 66 (t=0.275):	total squared error = 0.00122497, marker error: RMS=0.00546601, max=0.0120976 (L_1ST_MET)
Frame 67 (t=0.279167):	total squared error = 0.00121377, marker error: RMS=0.00544097, max=0.0121633 (L_1ST_MET)
Frame 68 (t=0.283333):	total squared error = 0.00117228, marker error: RMS=0.00534716, max=0.0121241 (L_1ST_MET)
Frame 69 (t=0.2875):	total squared error = 0.00115767, marker error: RMS=0.00531374, max=0.0121796 (L_1ST_MET)
Frame 70 (t=0.291667):	total squared error = 0.00113371, marker error: RMS=0.00525848, max=0.0121462 (L_1ST_MET)
Frame 71 (t=0.295833):	total squared error = 0.0011214, marker error: RMS=0.00522984, max=0.0121737 (L_1ST_MET)
Frame 72 (t=0.3):	total squared error = 0.00111503, marker error: RMS=0.00521496, max=0.0122093 (L_1ST_MET)
Frame 73 (t=0.304167):	total squared error = 0.00109992, marker error: RMS=0.00517951, max=0.0122111 (L_1ST_MET)
Frame 74 (t=0.308333):	total squared error = 0.00110068, marker error: RMS=0.00518129, max=0.0121293 (L_1ST_MET)
Frame 75 (t=0.3125):	total squared error = 0.0010663, marker error: RMS=0.00509974, max=0.0121415 (L_1ST_MET)
Frame 76 (t=0.316667):	total squared error = 0.00106665, marker error: RMS=0.00510057, max=0.0120677 (L_1ST_MET)
Frame 77 (t=0.320833):	total squared error = 0.00109115, marker error: RMS=0.00515882, max=0.0122275 (L_1ST_MET)
Frame 78 (t=0.325):	total squared error = 0.00110269, marker error: RMS=0.00518604, max=0.0121167 (L_1ST_MET)
Frame 79 (t=0.329167):	total squared error = 0.00108065, marker error: RMS=0.00513393, max=0.0121462 (L_1ST_MET)
Frame 80 (t=0.333333):	total squared error = 0.00109091, marker error: RMS=0.00515825, max=0.0120503 (L_1ST_MET)
Frame 81 (t=0.3375):	total squared error = 0.00112673, marker error: RMS=0.00524226, max=0.0121382 (L_1ST_MET)
Frame 82 (t=0.341667):	total squared error = 0.00114746, marker error: RMS=0.00529027, max=0.0120459 (L_1ST_MET)
Frame 83 (t=0.345833):	total squared error = 0.00115072, marker error: RMS=0.00529776, max=0.0119989 (L_1ST_MET)
Frame 84 (t=0.35):	total squared error = 0.00118265, marker error: RMS=0.00537076, max=0.0120911 (L_1ST_MET)
Frame 85 (t=0.354167):	total squared error = 0.00121446, marker error: RMS=0.00544251, max=0.0120243 (L_1ST_MET)
Frame 86 (t=0.358333):	total squared error = 0.00124769, marker error: RMS=0.00551648, max=0.0120249 (L_1ST_MET)
Frame 87 (t=0.3625):	total squared error = 0.00126362, marker error: RMS=0.00555157, max=0.0120116 (L_1ST_MET)
Frame 88 (t=0.366667):	total squared error = 0.00129364, marker error: RMS=0.00561713, max=0.0119817 (L_1ST_MET)
Frame 89 (t=0.370833):	total squared error = 0.00132679, marker error: RMS=0.00568864, max=0.0119807 (L_1ST_MET)
Frame 90 (t=0.375):	total squared error = 0.00136028, marker error: RMS=0.00576, max=0.0119811 (L_1ST_MET)
Frame 91 (t=0.379167):	total squared error = 0.00139575, marker error: RMS=0.00583462, max=0.0119791 (L_1ST_MET)
Frame 92 (t=0.383333):	total squared error = 0.00142905, marker error: RMS=0.00590379, max=0.0119719 (L_1ST_MET)
Frame 93 (t=0.3875):	total squared error = 0.00144189, marker error: RMS=0.00593027, max=0.012001 (L_1ST_MET)
Frame 94 (t=0.391667):	total squared error = 0.00146688, marker error: RMS=0.00598143, max=0.0119797 (L_1ST_MET)
Frame 95 (t=0.395833):	total squared error = 0.00149168, marker error: RMS=0.00603179, max=0.0120364 (L_5TH_MET)
Frame 96 (t=0.4):	total squared error = 0.00151743, marker error: RMS=0.00608363, max=0.0120845 (L_5TH_MET)
Frame 97 (t=0.404167):	total squared error = 0.00154022, marker error: RMS=0.00612914, max=0.012131 (L_5TH_MET)
Frame 98 (t=0.408333):	total squared error = 0.00155474, marker error: RMS=0.00615796, max=0.0121236 (L_1ST_MET)
Frame 99 (t=0.4125):	total squared error = 0.00155615, marker error: RMS=0.00616076, max=0.0120569 (L_1ST_MET)
Frame 100 (t=0.416667):	total squared error = 0.00156684, marker error: RMS=0.00618188, max=0.0122257 (L_5TH_MET)
Frame 101 (t=0.420833):	total squared error = 0.00157463, marker error: RMS=0.00619723, max=0.0122369 (L_5TH_MET)
Frame 102 (t=0.425):	total squared error = 0.00158122, marker error: RMS=0.00621018, max=0.0122649 (L_5TH_MET)
Frame 103 (t=0.429167):	total squared error = 0.00158509, marker error: RMS=0.00621777, max=0.0122582 (L_5TH_MET)
Frame 104 (t=0.433333):	total squared error = 0.0015866, marker error: RMS=0.00622074, max=0.0122593 (L_5TH_MET)
Frame 105 (t=0.4375):	total squared error = 0.00158112, marker error: RMS=0.00620998, max=0.0122449 (L_5TH_MET)
Frame 106 (t=0.441667):	total squared error = 0.00157507, marker error: RMS=0.0061981, max=0.0122403 (L_5TH_MET)
Frame 107 (t=0.445833):	total squared error = 0.00156379, marker error: RMS=0.00617586, max=0.0122154 (L_5TH_MET)
Frame 108 (t=0.45):	total squared error = 0.00154231, marker error: RMS=0.0061333, max=0.0121168 (L_1ST_MET)
Frame 109 (t=0.454167):	total squared error = 0.00151985, marker error: RMS=0.00608847, max=0.0120929 (L_1ST_MET)
Frame 110 (t=0.458333):	total squared error = 0.00149877, marker error: RMS=0.00604611, max=0.0120929 (L_1ST_MET)
Frame 111 (t=0.4625):	total squared error = 0.00146497, marker error: RMS=0.00597753, max=0.012077 (L_1ST_MET)
Frame 112 (t=0.466667):	total squared error = 0.00144818, marker error: RMS=0.00594319, max=0.0120706 (L_1ST_MET)
Frame 113 (t=0.470833):	total squared error = 0.00142835, marker error: RMS=0.00590236, max=0.0120407 (L_1ST_MET)
Frame 114 (t=0.475):	total squared error = 0.00140664, marker error: RMS=0.00585732, max=0.0120525 (L_1ST_MET)
Frame 115 (t=0.479167):	total squared error = 0.00139344, marker error: RMS=0.00582979, max=0.0120798 (L_1ST_MET)
Frame 116 (t=0.483333):	total squared error = 0.00137507, marker error: RMS=0.00579123, max=0.0120411 (L_1ST_MET)
Frame 117 (t=0.4875):	total squared error = 0.00136523, marker error: RMS=0.00577047, max=0.0120534 (L_1ST_MET)
Frame 118 (t=0.491667):	total squared error = 0.00135526, marker error: RMS=0.00574935, max=0.0120119 (L_1ST_MET)
Frame 119 (t=0.495833):	total squared error = 0.00135158, marker error: RMS=0.00574154, max=0.0120075 (L_1ST_MET)
Frame 120 (t=0.5):	total squared error = 0.00135577, marker error: RMS=0.00575044, max=0.0120497 (L_1ST_MET)
Frame 121 (t=0.504167):	total squared error = 0.00135737, marker error: RMS=0.00575383, max=0.0119526 (L_1ST_MET)
Frame 122 (t=0.508333):	total squared error = 0.00137146, marker error: RMS=0.00578362, max=0.0120095 (L_1ST_MET)
Frame 123 (t=0.5125):	total squared error = 0.00138738, marker error: RMS=0.00581709, max=0.01203 (L_1ST_MET)
Frame 124 (t=0.516667):	total squared error = 0.00140689, marker error: RMS=0.00585784, max=0.0120175 (L_1ST_MET)
Frame 125 (t=0.520833):	total squared error = 0.00142802, marker error: RMS=0.00590167, max=0.0119835 (L_1ST_MET)
Frame 126 (t=0.525):	total squared error = 0.00146535, marker error: RMS=0.00597831, max=0.0119453 (L_1ST_MET)
Frame 127 (t=0.529167):	total squared error = 0.00148702, marker error: RMS=0.00602236, max=0.0119154 (L_1ST_MET)
Frame 128 (t=0.533333):	total squared error = 0.00152249, marker error: RMS=0.00609376, max=0.0118856 (L_1ST_MET)
Frame 129 (t=0.5375):	total squared error = 0.00155177, marker error: RMS=0.00615207, max=0.0119384 (L_1ST_MET)
Frame 130 (t=0.541667):	total squared error = 0.00159377, marker error: RMS=0.00623477, max=0.0119266 (L_1ST_MET)
Frame 131 (t=0.545833):	total squared error = 0.00162638, marker error: RMS=0.00629823, max=0.0118939 (L_1ST_MET)
Frame 132 (t=0.55):	total squared error = 0.00168346, marker error: RMS=0.0064078, max=0.0119717 (L_1ST_MET)
Frame 133 (t=0.554167):	total squared error = 0.00170049, marker error: RMS=0.00644014, max=0.0118826 (L_1ST_MET)
Frame 134 (t=0.558333):	total squared error = 0.00173876, marker error: RMS=0.00651221, max=0.0120664 (R_HEEL_LAT)
Frame 135 (t=0.5625):	total squared error = 0.00175666, marker error: RMS=0.00654564, max=0.011973 (R_HEEL_LAT)
Frame 136 (t=0.566667):	total squared error = 0.00178098, marker error: RMS=0.00659079, max=0.0122523 (R_HEEL_LAT)
Frame 137 (t=0.570833):	total squared error = 0.00179376, marker error: RMS=0.0066144, max=0.0121305 (R_HEEL_LAT)
Frame 138 (t=0.575):	total squared error = 0.00181234, marker error: RMS=0.00664857, max=0.0122437 (R_HEEL_LAT)
Frame 139 (t=0.579167):	total squared error = 0.00180824, marker error: RMS=0.00664104, max=0.0118755 (R_HEEL_LAT)
Frame 140 (t=0.583333):	total squared error = 0.00178961, marker error: RMS=0.00660674, max=0.0117854 (L_1ST_MET)
Frame 141 (t=0.5875):	total squared error = 0.00176736, marker error: RMS=0.00656554, max=0.0117947 (L_1ST_MET)
Frame 142 (t=0.591667):	total squared error = 0.00174206, marker error: RMS=0.00651837, max=0.0117811 (L_1ST_MET)
Frame 143 (t=0.595833):	total squared error = 0.0017116, marker error: RMS=0.00646114, max=0.0117879 (L_1ST_MET)
Frame 144 (t=0.6):	total squared error = 0.00167358, marker error: RMS=0.00638897, max=0.0117489 (L_1ST_MET)
Frame 145 (t=0.604167):	total squared error = 0.00162986, marker error: RMS=0.00630498, max=0.0117106 (L_1ST_MET)
Frame 146 (t=0.608333):	total squared error = 0.00159591, marker error: RMS=0.00623896, max=0.0118049 (L_HEEL_MED)
Frame 147 (t=0.6125):	total squared error = 0.00154836, marker error: RMS=0.00614531, max=0.0117637 (L_HEEL_MED)
Frame 148 (t=0.616667):	total squared error = 0.00151828, marker error: RMS=0.00608534, max=0.0118759 (L_HEEL_MED)
Frame 149 (t=0.620833):	total squared error = 0.00153619, marker error: RMS=0.00612111, max=0.0119842 (L_HEEL_MED)
Frame 150 (t=0.625):	total squared error = 0.00145014, marker error: RMS=0.00594721, max=0.0119411 (L_HEEL_MED)
Frame 151 (t=0.629167):	total squared error = 0.00143978, marker error: RMS=0.00592592, max=0.0120684 (L_HEEL_MED)
Frame 152 (t=0.633333):	total squared error = 0.00143958, marker error: RMS=0.00592552, max=0.0120679 (L_HEEL_MED)
Frame 153 (t=0.6375):	total squared error = 0.0014519, marker error: RMS=0.00595081, max=0.0121447 (L_HEEL_MED)
Frame 154 (t=0.641667):	total squared error = 0.00143217, marker error: RMS=0.00591024, max=0.0121272 (L_HEEL_MED)
Frame 155 (t=0.645833):	total squared error = 0.00142672, marker error: RMS=0.00589898, max=0.0121645 (L_HEEL_MED)
Frame 156 (t=0.65):	total squared error = 0.00144969, marker error: RMS=0.00594629, max=0.0123082 (L_HEEL_MED)
Frame 157 (t=0.654167):	total squared error = 0.00147346, marker error: RMS=0.00599484, max=0.012371 (L_HEEL_MED)
Frame 158 (t=0.658333):	total squared error = 0.00148777, marker error: RMS=0.00602387, max=0.0123751 (L_HEEL_MED)
Frame 159 (t=0.6625):	total squared error = 0.00143819, marker error: RMS=0.00592265, max=0.0126263 (L_HEEL_SUP)
Frame 160 (t=0.666667):	total squared error = 0.00146161, marker error: RMS=0.00597067, max=0.0128918 (L_HEEL_SUP)
Frame 161 (t=0.670833):	total squared error = 0.00148721, marker error: RMS=0.00602275, max=0.0130699 (L_HEEL_SUP)
Frame 162 (t=0.675):	total squared error = 0.00151715, marker error: RMS=0.00608306, max=0.0132947 (L_HEEL_SUP)
Frame 163 (t=0.679167):	total squared error = 0.00154597, marker error: RMS=0.00614056, max=0.0135371 (L_HEEL_SUP)
Frame 164 (t=0.683333):	total squared error = 0.00156978, marker error: RMS=0.00618767, max=0.0137417 (L_HEEL_SUP)
Frame 165 (t=0.6875):	total squared error = 0.00159038, marker error: RMS=0.00622814, max=0.0139214 (L_HEEL_SUP)
Frame 166 (t=0.691667):	total squared error = 0.00160586, marker error: RMS=0.00625839, max=0.0140978 (L_HEEL_SUP)
Frame 167 (t=0.695833):	total squared error = 0.00162552, marker error: RMS=0.00629658, max=0.0142712 (L_HEEL_SUP)
Frame 168 (t=0.7):	total squared error = 0.00163905, marker error: RMS=0.00632272, max=0.0144066 (L_HEEL_SUP)
Frame 169 (t=0.704167):	total squared error = 0.00165029, marker error: RMS=0.00634437, max=0.0145182 (L_HEEL_SUP)
Frame 170 (t=0.708333):	total squared error = 0.00164995, marker error: RMS=0.0063437, max=0.0145226 (L_HEEL_SUP)
Frame 171 (t=0.7125):	total squared error = 0.00165433, marker error: RMS=0.00635213, max=0.0145696 (L_HEEL_SUP)
Frame 172 (t=0.716667):	total squared error = 0.00164963, marker error: RMS=0.00634311, max=0.0145497 (L_HEEL_SUP)
Frame 173 (t=0.720833):	total squared error = 0.00163931, marker error: RMS=0.00632323, max=0.0144777 (L_HEEL_SUP)
Frame 174 (t=0.725):	total squared error = 0.00163397, marker error: RMS=0.00631292, max=0.0143974 (L_HEEL_SUP)
Frame 175 (t=0.729167):	total squared error = 0.00163588, marker error: RMS=0.00631661, max=0.0142819 (L_HEEL_SUP)
Frame 176 (t=0.733333):	total squared error = 0.00162033, marker error: RMS=0.00628652, max=0.0140622 (L_HEEL_SUP)
Frame 177 (t=0.7375):	total squared error = 0.00161348, marker error: RMS=0.0062732, max=0.0139461 (L_HEEL_SUP)
Frame 178 (t=0.741667):	total squared error = 0.00161027, marker error: RMS=0.00626697, max=0.0137817 (L_HEEL_SUP)
Frame 179 (t=0.745833):	total squared error = 0.0015877, marker error: RMS=0.0062229, max=0.0135802 (L_HEEL_SUP)
Frame 180 (t=0.75):	total squared error = 0.00157491, marker error: RMS=0.00619778, max=0.0133395 (L_HEEL_SUP)
Frame 181 (t=0.754167):	total squared error = 0.0015587, marker error: RMS=0.00616579, max=0.0131426 (L_HEEL_SUP)
Frame 182 (t=0.758333):	total squared error = 0.0015402, marker error: RMS=0.00612909, max=0.012934 (L_HEEL_SUP)
Frame 183 (t=0.7625):	total squared error = 0.00152733, marker error: RMS=0.00610344, max=0.0127358 (L_HEEL_SUP)
Frame 184 (t=0.766667):	total squared error = 0.00151209, marker error: RMS=0.00607291, max=0.0125623 (L_HEEL_SUP)
Frame 185 (t=0.770833):	total squared error = 0.00149308, marker error: RMS=0.00603462, max=0.0123871 (L_HEEL_SUP)
Frame 186 (t=0.775):	total squared error = 0.00147986, marker error: RMS=0.00600785, max=0.0122912 (L_HEEL_SUP)
Frame 187 (t=0.779167):	total squared error = 0.00146401, marker error: RMS=0.00597558, max=0.0121918 (L_HEEL_SUP)
Frame 188 (t=0.783333):	total squared error = 0.00144023, marker error: RMS=0.00592685, max=0.0119887 (L_HEEL_SUP)
Frame 189 (t=0.7875):	total squared error = 0.00141747, marker error: RMS=0.00587984, max=0.0118503 (L_HEEL_SUP)
Frame 190 (t=0.791667):	total squared error = 0.00140076, marker error: RMS=0.00584508, max=0.0118048 (L_HEEL_SUP)
Frame 191 (t=0.795833):	total squared error = 0.00138051, marker error: RMS=0.00580268, max=0.0117081 (L_1ST_MET)
Frame 192 (t=0.8):	total squared error = 0.00136404, marker error: RMS=0.00576796, max=0.011724 (L_1ST_MET)
Frame 193 (t=0.804167):	total squared error = 0.00134903, marker error: RMS=0.00573612, max=0.0117018 (L_5TH_MET)
Frame 194 (t=0.808333):	total squared error = 0.00133775, marker error: RMS=0.0057121, max=0.0117663 (L_1ST_MET)
Frame 195 (t=0.8125):	total squared error = 0.00132011, marker error: RMS=0.00567432, max=0.0117624 (L_1ST_MET)
Frame 196 (t=0.816667):	total squared error = 0.00128776, marker error: RMS=0.00560435, max=0.0115821 (L_1ST_MET)
Frame 197 (t=0.820833):	total squared error = 0.00129382, marker error: RMS=0.00561754, max=0.0117895 (L_1ST_MET)
Frame 198 (t=0.825):	total squared error = 0.00127719, marker error: RMS=0.00558131, max=0.0117261 (L_1ST_MET)
Frame 199 (t=0.829167):	total squared error = 0.00126794, marker error: RMS=0.00556106, max=0.0117533 (L_1ST_MET)
Frame 200 (t=0.833333):	total squared error = 0.00125694, marker error: RMS=0.00553687, max=0.0117525 (L_1ST_MET)
Frame 201 (t=0.8375):	total squared error = 0.0012463, marker error: RMS=0.00551339, max=0.0117351 (L_1ST_MET)
Frame 202 (t=0.841667):	total squared error = 0.00124487, marker error: RMS=0.00551024, max=0.0117899 (L_1ST_MET)
Frame 203 (t=0.845833):	total squared error = 0.00123569, marker error: RMS=0.00548987, max=0.0117884 (L_1ST_MET)
Frame 204 (t=0.85):	total squared error = 0.00122944, marker error: RMS=0.00547597, max=0.0117797 (L_1ST_MET)
Frame 205 (t=0.854167):	total squared error = 0.00122493, marker error: RMS=0.00546592, max=0.0117726 (L_1ST_MET)
Frame 206 (t=0.858333):	total squared error = 0.00121767, marker error: RMS=0.0054497, max=0.0117401 (L_HEEL_SUP)
Frame 207 (t=0.8625):	total squared error = 0.00121733, marker error: RMS=0.00544894, max=0.0118545 (L_HEEL_SUP)
Frame 208 (t=0.866667):	total squared error = 0.00121314, marker error: RMS=0.00543955, max=0.0119053 (L_HEEL_SUP)
Frame 209 (t=0.870833):	total squared error = 0.00123996, marker error: RMS=0.00549937, max=0.0120966 (L_HEEL_SUP)
Frame 210 (t=0.875):	total squared error = 0.00120455, marker error: RMS=0.00542026, max=0.0120534 (L_HEEL_SUP)
Frame 211 (t=0.879167):	total squared error = 0.0012059, marker error: RMS=0.00542331, max=0.0121257 (L_HEEL_SUP)
Frame 212 (t=0.883333):	total squared error = 0.00120256, marker error: RMS=0.0054158, max=0.0121699 (L_HEEL_SUP)
Frame 213 (t=0.8875):	total squared error = 0.00120284, marker error: RMS=0.00541642, max=0.0122692 (L_HEEL_SUP)
Frame 214 (t=0.891667):	total squared error = 0.00120324, marker error: RMS=0.00541731, max=0.0123647 (L_HEEL_SUP)
Frame 215 (t=0.895833):	total squared error = 0.00120149, marker error: RMS=0.00541338, max=0.0124134 (L_HEEL_SUP)
Frame 216 (t=0.9):	total squared error = 0.0012057, marker error: RMS=0.00542286, max=0.012463 (L_HEEL_SUP)
Frame 217 (t=0.904167):	total squared error = 0.00120675, marker error: RMS=0.00542522, max=0.0125095 (L_HEEL_SUP)
Frame 218 (t=0.908333):	total squared error = 0.00120386, marker error: RMS=0.00541872, max=0.0125979 (L_HEEL_SUP)
Frame 219 (t=0.9125):	total squared error = 0.00120311, marker error: RMS=0.00541703, max=0.0126184 (L_HEEL_SUP)
Frame 220 (t=0.916667):	total squared error = 0.00120283, marker error: RMS=0.0054164, max=0.0126791 (L_HEEL_SUP)
Frame 221 (t=0.920833):	total squared error = 0.00120578, marker error: RMS=0.00542303, max=0.0127601 (L_HEEL_SUP)
Frame 222 (t=0.925):	total squared error = 0.0012179, marker error: RMS=0.00545023, max=0.0128616 (L_HEEL_SUP)
Frame 223 (t=0.929167):	total squared error = 0.00121434, marker error: RMS=0.00544225, max=0.0128266 (L_HEEL_SUP)
Frame 224 (t=0.933333):	total squared error = 0.00121683, marker error: RMS=0.00544783, max=0.0128842 (L_HEEL_SUP)
Frame 225 (t=0.9375):	total squared error = 0.00122466, marker error: RMS=0.00546532, max=0.0129721 (L_HEEL_SUP)
Frame 226 (t=0.941667):	total squared error = 0.00122537, marker error: RMS=0.00546691, max=0.0129625 (L_HEEL_SUP)
Frame 227 (t=0.945833):	total squared error = 0.00123248, marker error: RMS=0.00548275, max=0.0129775 (L_HEEL_SUP)
Frame 228 (t=0.95):	total squared error = 0.00123853, marker error: RMS=0.00549618, max=0.0130053 (L_HEEL_SUP)
Frame 229 (t=0.954167):	total squared error = 0.00125173, marker error: RMS=0.0055254, max=0.0130783 (L_HEEL_SUP)
Frame 230 (t=0.958333):	total squared error = 0.00125251, marker error: RMS=0.00552711, max=0.0130508 (L_HEEL_SUP)
Frame 231 (t=0.9625):	total squared error = 0.00125856, marker error: RMS=0.00554044, max=0.0130682 (L_HEEL_SUP)
Frame 232 (t=0.966667):	total squared error = 0.00125712, marker error: RMS=0.00553728, max=0.0130047 (L_HEEL_SUP)
Frame 233 (t=0.970833):	total squared error = 0.00126413, marker error: RMS=0.0055527, max=0.0130037 (L_HEEL_SUP)
Frame 234 (t=0.975):	total squared error = 0.00126834, marker error: RMS=0.00556192, max=0.0129659 (L_HEEL_SUP)
Frame 235 (t=0.979167):	total squared error = 0.00129141, marker error: RMS=0.00561229, max=0.0129389 (L_HEEL_SUP)
Frame 236 (t=0.983333):	total squared error = 0.00127297, marker error: RMS=0.00557207, max=0.0128914 (L_HEEL_SUP)
Frame 237 (t=0.9875):	total squared error = 0.00127175, marker error: RMS=0.00556942, max=0.0127997 (L_HEEL_SUP)
Frame 238 (t=0.991667):	total squared error = 0.00129113, marker error: RMS=0.00561168, max=0.0127434 (L_HEEL_SUP)
Frame 239 (t=0.995833):	total squared error = 0.00127244, marker error: RMS=0.00557092, max=0.0126679 (L_HEEL_SUP)
Frame 240 (t=1):	total squared error = 0.0012898, marker error: RMS=0.00560879, max=0.012597 (L_HEEL_SUP)
Frame 241 (t=1.00417):	total squared error = 0.00127073, marker error: RMS=0.00556718, max=0.012483 (L_HEEL_SUP)
Frame 242 (t=1.00833):	total squared error = 0.00126492, marker error: RMS=0.00555443, max=0.0123943 (L_HEEL_SUP)
Frame 243 (t=1.0125):	total squared error = 0.00127785, marker error: RMS=0.00558275, max=0.0123124 (L_HEEL_SUP)
Frame 244 (t=1.01667):	total squared error = 0.00125897, marker error: RMS=0.00554134, max=0.0122283 (L_HEEL_SUP)
Frame 245 (t=1.02083):	total squared error = 0.00125708, marker error: RMS=0.0055372, max=0.0121331 (L_HEEL_SUP)
Frame 246 (t=1.025):	total squared error = 0.0012541, marker error: RMS=0.00553062, max=0.0120405 (L_HEEL_SUP)
Frame 247 (t=1.02917):	total squared error = 0.00124953, marker error: RMS=0.00552053, max=0.0119474 (L_HEEL_SUP)
Frame 248 (t=1.03333):	total squared error = 0.00124634, marker error: RMS=0.0055135, max=0.0118932 (L_HEEL_MED)
Frame 249 (t=1.0375):	total squared error = 0.00126311, marker error: RMS=0.00555045, max=0.0118459 (L_HEEL_MED)
Frame 250 (t=1.04167):	total squared error = 0.00124432, marker error: RMS=0.00550902, max=0.0117154 (L_HEEL_MED)
Frame 251 (t=1.04583):	total squared error = 0.00124739, marker error: RMS=0.00551581, max=0.0117528 (L_1ST_MET)
Frame 252 (t=1.05):	total squared error = 0.00125233, marker error: RMS=0.00552671, max=0.011747 (L_1ST_MET)
Frame 253 (t=1.05417):	total squared error = 0.00125413, marker error: RMS=0.0055307, max=0.0118116 (L_1ST_MET)
Frame 254 (t=1.05833):	total squared error = 0.00125639, marker error: RMS=0.00553567, max=0.0118123 (L_1ST_MET)
Frame 255 (t=1.0625):	total squared error = 0.00126285, marker error: RMS=0.00554989, max=0.0118694 (L_1ST_MET)
Frame 256 (t=1.06667):	total squared error = 0.00126734, marker error: RMS=0.00555973, max=0.0118676 (L_1ST_MET)
Frame 257 (t=1.07083):	total squared error = 0.00127458, marker error: RMS=0.00557561, max=0.0118965 (L_1ST_MET)
Frame 258 (t=1.075):	total squared error = 0.00128315, marker error: RMS=0.00559432, max=0.011937 (L_1ST_MET)
Frame 259 (t=1.07917):	total squared error = 0.00129374, marker error: RMS=0.00561734, max=0.0119759 (L_1ST_MET)
Frame 260 (t=1.08333):	total squared error = 0.00130322, marker error: RMS=0.0056379, max=0.0120045 (L_1ST_MET)
Frame 261 (t=1.0875):	total squared error = 0.00131646, marker error: RMS=0.00566646, max=0.0120393 (L_1ST_MET)
Frame 262 (t=1.09167):	total squared error = 0.00132896, marker error: RMS=0.00569329, max=0.0120685 (L_1ST_MET)
Frame 263 (t=1.09583):	total squared error = 0.0013423, marker error: RMS=0.00572181, max=0.0120871 (L_1ST_MET)
Frame 264 (t=1.1):	total squared error = 0.00135512, marker error: RMS=0.00574906, max=0.0121092 (L_1ST_MET)
Frame 265 (t=1.10417):	total squared error = 0.00136727, marker error: RMS=0.00577478, max=0.0121177 (L_1ST_MET)
Frame 266 (t=1.10833):	total squared error = 0.00134414, marker error: RMS=0.00572572, max=0.0121241 (L_1ST_MET)
Frame 267 (t=1.1125):	total squared error = 0.00136527, marker error: RMS=0.00577055, max=0.0121175 (L_1ST_MET)
Frame 268 (t=1.11667):	total squared error = 0.00138209, marker error: RMS=0.00580599, max=0.0121347 (L_1ST_MET)
Frame 269 (t=1.12083):	total squared error = 0.00139787, marker error: RMS=0.00583904, max=0.0121318 (L_1ST_MET)
Frame 270 (t=1.125):	total squared error = 0.00141239, marker error: RMS=0.00586929, max=0.0121028 (L_1ST_MET)
Frame 271 (t=1.12917):	total squared error = 0.00142977, marker error: RMS=0.00590529, max=0.0120888 (L_1ST_MET)
Frame 272 (t=1.13333):	total squared error = 0.00145256, marker error: RMS=0.00595217, max=0.0121194 (L_1ST_MET)
Frame 273 (t=1.1375):	total squared error = 0.00147023, marker error: RMS=0.00598827, max=0.0120911 (L_1ST_MET)
Frame 274 (t=1.14167):	total squared error = 0.00148875, marker error: RMS=0.00602587, max=0.012099 (L_1ST_MET)
Frame 275 (t=1.14583):	total squared error = 0.00150702, marker error: RMS=0.00606272, max=0.0120315 (L_1ST_MET)
Frame 276 (t=1.15):	total squared error = 0.00152263, marker error: RMS=0.00609404, max=0.0120621 (L_1ST_MET)
Frame 277 (t=1.15417):	total squared error = 0.00154003, marker error: RMS=0.00612877, max=0.012023 (L_1ST_MET)
Frame 278 (t=1.15833):	total squared error = 0.001563, marker error: RMS=0.00617429, max=0.0120821 (L_1ST_MET)
Frame 279 (t=1.1625):	total squared error = 0.00158303, marker error: RMS=0.00621373, max=0.0121116 (L_1ST_MET)
Frame 280 (t=1.16667):	total squared error = 0.00159965, marker error: RMS=0.00624627, max=0.0120883 (L_1ST_MET)
Frame 281 (t=1.17083):	total squared error = 0.00160944, marker error: RMS=0.00626535, max=0.0120288 (L_1ST_MET)
Frame 282 (t=1.175):	total squared error = 0.0016235, marker error: RMS=0.00629265, max=0.0120073 (L_1ST_MET)
Frame 283 (t=1.17917):	total squared error = 0.00164452, marker error: RMS=0.00633327, max=0.0121088 (L_1ST_MET)
Frame 284 (t=1.18333):	total squared error = 0.00163927, marker error: RMS=0.00632315, max=0.0119278 (L_1ST_MET)
Frame 285 (t=1.1875):	total squared error = 0.0016549, marker error: RMS=0.00635322, max=0.01202 (L_HEEL_MED)
Frame 286 (t=1.19167):	total squared error = 0.00167517, marker error: RMS=0.00639201, max=0.0121394 (L_HEEL_MED)
Frame 287 (t=1.19583):	total squared error = 0.00168352, marker error: RMS=0.00640791, max=0.0120762 (L_HEEL_MED)
Frame 288 (t=1.2):	total squared error = 0.0016965, marker error: RMS=0.00643258, max=0.0121235 (L_1ST_MET)
Frame 289 (t=1.20417):	total squared error = 0.00171203, marker error: RMS=0.00646195, max=0.0122199 (L_1ST_MET)
Frame 290 (t=1.20833):	total squared error = 0.00170458, marker error: RMS=0.00644788, max=0.0123035 (L_HEEL_MED)
Frame 291 (t=1.2125):	total squared error = 0.00170894, marker error: RMS=0.00645612, max=0.0122108 (L_HEEL_MED)
Frame 292 (t=1.21667):	total squared error = 0.00172058, marker error: RMS=0.00647807, max=0.0122644 (L_HEEL_MED)
Frame 293 (t=1.22083):	total squared error = 0.00172285, marker error: RMS=0.00648233, max=0.0121727 (L_HEEL_MED)
Frame 294 (t=1.225):	total squared error = 0.00172977, marker error: RMS=0.00649535, max=0.0122066 (R_ASIS)
Frame 295 (t=1.22917):	total squared error = 0.00173552, marker error: RMS=0.00650613, max=0.0123238 (R_ASIS)
Frame 296 (t=1.23333):	total squared error = 0.00174468, marker error: RMS=0.00652327, max=0.0126182 (R_ASIS)
Frame 297 (t=1.2375):	total squared error = 0.00175146, marker error: RMS=0.00653593, max=0.0126512 (R_ASIS)
Frame 298 (t=1.24167):	total squared error = 0.00176383, marker error: RMS=0.00655899, max=0.0127777 (R_ASIS)
Frame 299 (t=1.24583):	total squared error = 0.00177358, marker error: RMS=0.00657708, max=0.0130616 (R_ASIS)
Frame 300 (t=1.25):	total squared error = 0.00177726, marker error: RMS=0.0065839, max=0.0131152 (R_ASIS)
Frame 301 (t=1.25417):	total squared error = 0.00180867, marker error: RMS=0.00664183, max=0.0131266 (R_ASIS)
InverseKinematicsTool completed 301 frames in 1.676s

IK compute time = 1741ms
